#
# There is insufficient memory for the Java Runtime Environment to continue.
# Native memory allocation (mmap) failed to map 1048576 bytes for G1 virtual space
# Possible reasons:
#   The system is out of physical RAM or swap space
#   The process is running with CompressedOops enabled, and the Java Heap may be blocking the growth of the native heap
# Possible solutions:
#   Reduce memory load on the system
#   Increase physical memory or swap space
#   Check if swap backing store is full
#   Decrease Java heap size (-Xmx/-Xms)
#   Decrease number of Java threads
#   Decrease Java thread stack sizes (-Xss)
#   Set larger code cache with -XX:ReservedCodeCacheSize=
#   JVM is running with Unscaled Compressed Oops mode in which the Java heap is
#     placed in the first 4GB address space. The Java Heap base address is the
#     maximum limit for the native heap growth. Please use -XX:HeapBaseMinAddress
#     to set the Java Heap base and to place the Java Heap above 4GB virtual address.
# This output file may be truncated or incomplete.
#
#  Out of Memory Error (os_windows.cpp:3604), pid=35280, tid=27276
#
# JRE version: Java(TM) SE Runtime Environment (21.0.11+9) (build 21.0.11+9-LTS-211)
# Java VM: Java HotSpot(TM) 64-Bit Server VM (21.0.11+9-LTS-211, mixed mode, sharing, tiered, compressed oops, compressed class ptrs, g1 gc, windows-amd64)
# No core dump will be written. Minidumps are not enabled by default on client versions of Windows
#

---------------  S U M M A R Y ------------

Command Line: io.qameta.allure.CommandLine generate D:\anglar-20250129T152415Z-001\fremwork\test-output\allure-results -o D:\anglar-20250129T152415Z-001\fremwork\test-output\reports --clean --single-file

Host: Intel(R) Core(TM) i7-4610M CPU @ 3.00GHz, 4 cores, 3G,  Windows 10 , 64 bit Build 19041 (10.0.19041.5915)
Time: Tue Jun  9 03:32:05 2026 Pacific Daylight Time elapsed time: 13.046746 seconds (0d 0h 0m 13s)

---------------  T H R E A D  ---------------

Current thread (0x0000022836e9f370):  JavaThread "main"             [_thread_in_vm, id=27276, stack(0x000000f021c00000,0x000000f021d00000) (1024K)]

Stack: [0x000000f021c00000,0x000000f021d00000]
Native frames: (J=compiled Java code, j=interpreted, Vv=VM code, C=native code)
V  [jvm.dll+0x6d0ef9]
V  [jvm.dll+0x860126]
V  [jvm.dll+0x86261e]
V  [jvm.dll+0x862cf3]
V  [jvm.dll+0x282bc6]
V  [jvm.dll+0x6cd7a5]
V  [jvm.dll+0x6c232a]
V  [jvm.dll+0x35bfb8]
V  [jvm.dll+0x363c76]
V  [jvm.dll+0x3b4a8f]
V  [jvm.dll+0x3b5121]
V  [jvm.dll+0x3b4c9b]
V  [jvm.dll+0x32fe9e]
V  [jvm.dll+0x32dfdf]
V  [jvm.dll+0x662ee0]
V  [jvm.dll+0x242692]
V  [jvm.dll+0x826ce3]
V  [jvm.dll+0x72dac9]
C  0x0000022848afa829

The last pc belongs to _new_array_nozero_Java (printed below).
Java frames: (J=compiled Java code, j=interpreted, Vv=VM code)
v  ~RuntimeStub::_new_array_nozero_Java 0x0000022848afa829
J 1796 c2 java.lang.StringBuilder.toString()Ljava/lang/String; java.base@21.0.11 (9 bytes) @ 0x00000228490227ac [0x0000022849022200+0x00000000000005ac]
j  java.util.Formatter.toString()Ljava/lang/String;+8 java.base@21.0.11
j  java.lang.String.format(Ljava/lang/String;[Ljava/lang/Object;)Ljava/lang/String;+12 java.base@21.0.11
j  io.qameta.allure.core.ReportWebGenerator.dataUrl(Ljava/lang/String;[B)Ljava/lang/String;+21
j  io.qameta.allure.core.ReportWebGenerator.dataBase64(Ljava/lang/String;Ljava/lang/String;)Ljava/lang/String;+7
j  io.qameta.allure.core.ReportWebGenerator.generate(Lio/qameta/allure/core/Configuration;Lio/qameta/allure/ReportStorage;Ljava/nio/file/Path;)V+79
j  io.qameta.allure.ReportGenerator.generate(Lio/qameta/allure/ReportStorage;Ljava/nio/file/Path;Ljava/util/List;)V+61
j  io.qameta.allure.ReportGenerator.generateSingleFile(Ljava/nio/file/Path;Ljava/util/List;)V+12
j  io.qameta.allure.Commands.generate(Ljava/nio/file/Path;Ljava/util/List;ZZLio/qameta/allure/option/ConfigOptions;)Lio/qameta/allure/ExitCode;+89
j  io.qameta.allure.CommandLine.run()Lio/qameta/allure/ExitCode;+322
j  io.qameta.allure.CommandLine$$Lambda+0x0000022855093518.get()Ljava/lang/Object;+4
j  java.util.Optional.orElseGet(Ljava/util/function/Supplier;)Ljava/lang/Object;+15 java.base@21.0.11
j  io.qameta.allure.CommandLine.main([Ljava/lang/String;)V+70
v  ~StubRoutines::call_stub 0x00000228489e100d
--------------------------------------------------------------------------------
Decoding CodeBlob, name: _new_array_nozero_Java, at  [0x0000022848afa800, 0x0000022848afa870]  112 bytes
[MachCode]
  0x0000022848afa800: 4881 ec28 | 0000 0048 | 896c 2420 | 4989 a7a0 | 0300 0048 | 8bca 418b | d04d 8bc7 | 49ba 80da 
  0x0000022848afa820: 4154 fb7f | 0000 41ff | d20f 1f84 | 0000 0000 | 004d 89a7 | a003 0000 | 4d89 a7a8 | 0300 0049 
  0x0000022848afa840: 8b87 f803 | 0000 4d89 | a7f8 0300 | 004d 3b67 | 0875 0648 | 83c4 205d | c333 db49 | ba00 0f9e 
  0x0000022848afa860: 4828 0200 | 0048 83c4 | 205d 41ff | e2f4 f4f4 
[/MachCode]
--------------------------------------------------------------------------------


Compiled method (c2)   13101 1796       4       java.lang.StringBuilder::toString (9 bytes)
 total in heap  [0x0000022849022010,0x0000022849022d10] = 3328
 relocation     [0x0000022849022170,0x00000228490221e8] = 120
 main code      [0x0000022849022200,0x0000022849022a38] = 2104
 stub code      [0x0000022849022a38,0x0000022849022a70] = 56
 metadata       [0x0000022849022a70,0x0000022849022ab8] = 72
 scopes data    [0x0000022849022ab8,0x0000022849022bc0] = 264
 scopes pcs     [0x0000022849022bc0,0x0000022849022c80] = 192
 dependencies   [0x0000022849022c80,0x0000022849022c88] = 8
 handler table  [0x0000022849022c88,0x0000022849022d00] = 120
 nul chk table  [0x0000022849022d00,0x0000022849022d10] = 16

[Constant Pool (empty)]

[MachCode]
[Entry Point]
  # {method} {0x0000022854008728} 'toString' '()Ljava/lang/String;' in 'java/lang/StringBuilder'
  #           [sp+0x80]  (sp of caller)
  0x0000022849022200: 448b 5208 | 49bb 0000 | 0054 2802 | 0000 4d03 | d349 3bc2 

  0x0000022849022214: ;   {runtime_call ic_miss_stub}
  0x0000022849022214: 0f85 66c5 | a0ff 6690 | 0f1f 4000 
[Verified Entry Point]
  0x0000022849022220: 8984 2400 | 80ff ff55 | 4883 ec70 | 4181 7f20 | 0300 0000 | 0f85 f107 | 0000 488b | ea4d 8b9f 
  0x0000022849022240: b801 0000 | 4d8b d349 | 83c2 184d | 3b97 c801 | 0000 0f83 | d703 0000 | 4d89 97b8 | 0100 0041 
  0x0000022849022260: 0f18 82c0 | 0000 0049 | c703 0100 

  0x000002284902226c: ;   {metadata('java/lang/String')}
  0x000002284902226c: 0000 41c7 | 4308 58e5 | 0000 4589 | 630c 4d89 | 6310 4c89 | 5c24 4844 | 8b5d 1444 | 8b55 0c80 
  0x000002284902228c: 7d10 000f | 8500 0300 | 0041 8b7b | 0c4d 8bc3 | 4c89 4424 | 504d 8d4b | 1044 3bd7 | 0f85 9400 
  0x00000228490222ac: 0000 4c63 | c781 ff00 | 0010 000f | 87c5 0400 | 0049 8b9f | b801 0000 | 4d8d 5017 | 4983 e2f8 
  0x00000228490222cc: 488b cb49 | 03ca 493b | 8fc8 0100 | 000f 83a3 | 0400 0049 | 898f b801 | 0000 0f18 | 81c0 0000 
  0x00000228490222ec: 0048 c703 | 0100 0000 | 0f18 8100 

  0x00000228490222f8: ;   {metadata({type array byte})}
  0x00000228490222f8: 0100 00c7 | 4308 6822 | 0000 897b | 0c0f 1881 | 4001 0000 | 0f18 8180 | 0100 0048 | 8bd3 4883 
  0x0000022849022318: c210 4983 | c007 49c1 | e803 498b | c9c5 f877 | 49ba 6033 | a148 2802 | 0000 41ff 

  0x0000022849022334: ;   {other}
  0x0000022849022334: d20f 1f84 | 0000 0000 | 00e9 dd00 | 0000 4585 | d20f 8ce2 | 0500 0041 | 81fa 0000 | 1000 0f87 
  0x0000022849022354: 6e04 0000 | 4963 ca41 | 3bfa 8bef | 410f 4fea | 3bfd 0f82 | cb04 0000 | 443b d50f | 82c2 0400 
  0x0000022849022374: 0048 83c1 | 174c 8bc1 | 4983 e0f8 | 4181 fa00 | 0010 000f | 87c7 0200 | 0049 8b9f | b801 0000 
  0x0000022849022394: 4c8b db4d | 03d8 4d3b | 9fc8 0100 | 000f 83ad | 0200 004d | 899f b801 | 0000 410f | 1883 c000 
  0x00000228490223b4: 0000 48c7 | 0301 0000 | 0041 0f18 | 8300 0100 

  0x00000228490223c4: ;   {metadata({type array byte})}
  0x00000228490223c4: 00c7 4308 | 6822 0000 | 4489 530c | 410f 1883 | 4001 0000 | 410f 1883 | 8001 0000 | 488b d348 
  0x00000228490223e4: 83c2 1048 | c1e9 0385 | ed0f 84db | 0300 0041 | 3bea 0f8c | 0101 0000 | 4983 c0f0 | 49c1 e803 
  0x0000022849022404: 498b c9c5 | f877 49ba | 6033 a148 | 2802 0000 

  0x0000022849022414: ;   {other}
  0x0000022849022414: 41ff d20f | 1f84 0000 | 0000 0041 | 807f 4000 | 7552 4c8b | 5424 484c | 8bdb 4d33 | da4c 8bc3 
  0x0000022849022434: 4c8b 4c24 | 4845 8941 | 1449 c1eb | 144d 85db | 7417 49c1 | ea09 49b8 | 0040 0a50 | 2802 0000 
  0x0000022849022454: 4d03 c241 | 8038 0275 | 4f48 8b44 | 2448 c5f8 | 7748 83c4 

  0x0000022849022468: ;   {poll_return}
  0x0000022849022468: 705d 493b | a750 0400 | 000f 879e | 0500 00c3 | 4c8b 5424 | 4845 8b52 | 1445 85d2 | 74a0 4d8b 
  0x0000022849022488: 5f28 498b | ca4d 85db | 0f84 c603 | 0000 4d8b | 5738 4b89 | 4c1a f849 | 83c3 f84d | 895f 28e9 
  0x00000228490224a8: 7aff ffff | 4d8b 5758 | 4d8b 5f48 | f083 4424 | c000 4180 | 3800 749d | 4588 204d | 85db 7523 
  0x00000228490224c8: 498b c849 | 8bd7 c5f8 | 7749 bab0 | 6c01 54fb | 7f00 0041 

  0x00000228490224dc: ;   {other}
  0x00000228490224dc: ffd2 0f1f | 8400 0000 | 0000 e972 | ffff ff4f | 8944 1af8 | 4983 c3f8 | 4d89 5f48 | e960 ffff 
  0x00000228490224fc: ff4c 63c5 | 4d8d 5010 | 4d8b da49 | 83e3 f848 | 8bfb 4903 | fb49 c1ea | 0349 2bca | 4833 c048 
  0x000002284902251c: 83f9 087f | 1048 ffc9 | 784f 4889 | 04cf 48ff | c97d f7eb | 44c5 fdef | c0e9 0d00 | 0000 c5fe 
  0x000002284902253c: 7f07 c5fe | 7f47 2048 | 83c7 4048 | 83e9 087d | ed48 83c1 | 047c 0cc5 | fe7f 0748 | 83c7 2048 
  0x000002284902255c: 83e9 0448 | 83c1 047e | 1048 ffc9 | c5f9 d607 | 4883 c708 | 48ff c97d | f349 8bc9 | c5f8 7749 
  0x000002284902257c: bac0 2ca1 | 4828 0200 | 0041 ffd2 

  0x0000022849022588: ;   {other}
  0x0000022849022588: 0f1f 8400 | 0000 0000 | e98a feff | ff0f b64d | 1149 8bd3 | 4533 c085 | c90f 8407 | 0100 0045 
  0x00000228490225a8: 8bca 488b | 6c24 4844 | 8954 242c 

  0x00000228490225b4: ;   {static_call}
  0x00000228490225b4: c5f8 77e8 

  0x00000228490225b8: ; ImmutableOopMap {rbp=Oop [72]=Oop }
                      ;*invokestatic compress {reexecute=0 rethrow=0 return_oop=1}
                      ; - java.lang.String::<init>@59 (line 4779)
                      ; - java.lang.String::<init>@3 (line 1496)
                      ; - java.lang.StringBuilder::toString@5 (line 475)
  0x00000228490225b8: c4ca a0ff 

  0x00000228490225bc: ;   {other}
  0x00000228490225bc: 0f1f 8400 | ac05 0000 | 488b d841 | 807f 4000 | 0f85 ca02 | 0000 4c8b | d54c 8bcb | 4d8b d94d 
  0x00000228490225dc: 33da 4d8b | c144 8945 | 1449 c1eb | 144d 85db | 0f84 8a02 | 0000 4d85 | c90f 848a | 0200 0049 
  0x00000228490225fc: c1ea 0949 | b800 400a | 5028 0200 | 004d 03c2 | 4180 3802 | 0f85 b902 | 0000 458b | 510c 448b 
  0x000002284902261c: 5c24 2c45 | 2bda 41c1 | eb1f 4488 | 5d10 e92e 

  0x000002284902262c: ;   {metadata('java/lang/String')}
  0x000002284902262c: feff ff48 | ba58 e500 | 5428 0200 | 0066 6690 

  0x000002284902263c: ;   {runtime_call _new_instance_Java}
  0x000002284902263c: c5f8 77e8 

  0x0000022849022640: ; ImmutableOopMap {rbp=Oop }
                      ;*new {reexecute=0 rethrow=0 return_oop=1}
                      ; - java.lang.StringBuilder::toString@0 (line 475)
  0x0000022849022640: 3c39 adff 

  0x0000022849022644: ;   {other}
  0x0000022849022644: 0f1f 8400 | 3406 0001 | 4c8b d8e9 | 2afc ffff | 4c89 4424 | 4048 894c | 2438 4c89 | 4c24 3044 
  0x0000022849022664: 8954 2428 | 48ff 7424 | 4848 8f44 

  0x0000022849022670: ;   {metadata({type array byte})}
  0x0000022849022670: 2420 48ba | 6822 0054 | 2802 0000 | 458b c290 

  0x0000022849022680: ;   {runtime_call _new_array_nozero_Java}
  0x0000022849022680: c5f8 77e8 

  0x0000022849022684: ; ImmutableOopMap {[32]=Oop [72]=Oop [80]=Oop [48]=Derived_oop_[80] }
                      ;*newarray {reexecute=0 rethrow=0 return_oop=1}
                      ; - java.util.Arrays::copyOfRangeByte@10 (line 3863)
                      ; - java.util.Arrays::copyOfRange@13 (line 3854)
                      ; - java.lang.String::<init>@32 (line 4775)
                      ; - java.lang.String::<init>@3 (line 1496)
                      ; - java.lang.StringBuilder::toString@5 (line 475)
  0x0000022849022684: 7881 adff 

  0x0000022849022688: ;   {other}
  0x0000022849022688: 0f1f 8400 | 7806 0002 | 8b7c 2428 | 4c8b 4c24 | 3048 8b4c | 2438 4c8b | 4424 4048 | 8bd8 448b 
  0x00000228490226a8: d7e9 32fd | ffff 4c8b | 5c24 4841 | c643 1001 | 41d1 e245 | 8bca 4c89 | 5c24 2090 

  0x00000228490226c4: ;   {static_call}
  0x00000228490226c4: c5f8 77e8 

  0x00000228490226c8: ; ImmutableOopMap {[32]=Oop [72]=Oop }
                      ;*invokestatic copyOfRange {reexecute=0 rethrow=0 return_oop=1}
                      ; - java.lang.String::<init>@91 (line 4784)
                      ; - java.lang.String::<init>@3 (line 1496)
                      ; - java.lang.StringBuilder::toString@5 (line 475)
  0x00000228490226c8: b4c9 a0ff 

  0x00000228490226cc: ;   {other}
  0x00000228490226cc: 0f1f 8400 | bc06 0003 | 488b d841 | 807f 4000 | 0f85 7602 | 0000 4c8b | 5424 204c | 8bcb 4d8b 
  0x00000228490226ec: d94d 33da | 4d8b c148 | 8b4c 2420 | 4489 4114 | 49c1 eb14 | 4d85 db0f | 8454 fdff | ff4d 85c9 
  0x000002284902270c: 0f84 4bfd | ffff 49c1 | ea09 49b8 | 0040 0a50 | 2802 0000 | 4d03 c241 | 8038 020f | 8430 fdff 
  0x000002284902272c: ff4d 8b57 | 584d 8b5f | 48f0 8344 | 24c0 0041 | 8038 000f | 8418 fdff | ff45 8820 | 4d85 db75 
  0x000002284902274c: 2349 8bc8 | 498b d7c5 | f877 49ba | b06c 0154 | fb7f 0000 

  0x0000022849022760: ;   {other}
  0x0000022849022760: 41ff d20f | 1f84 0000 | 0000 00e9 | edfc ffff | 4f89 441a | f849 83c3 | f84d 895f | 48e9 dbfc 
  0x0000022849022780: ffff 4c89 | 4424 304c | 894c 2420 | 4489 5c24 | 2848 8b6c 

  0x0000022849022794: ;   {metadata({type array byte})}
  0x0000022849022794: 2448 48ba | 6822 0054 | 2802 0000 | 448b c790 

  0x00000228490227a4: ;   {runtime_call _new_array_nozero_Java}
  0x00000228490227a4: c5f8 77e8 

  0x00000228490227a8: ; ImmutableOopMap {rbp=Oop [40]=NarrowOop [72]=Oop [80]=Oop [32]=Derived_oop_[80] }
                      ;*invokevirtual clone {reexecute=1 rethrow=0 return_oop=1}
                      ; - (reexecute) java.util.Arrays::copyOfRange@18 (line 3856)
                      ; - java.lang.String::<init>@32 (line 4775)
                      ; - java.lang.String::<init>@3 (line 1496)
                      ; - java.lang.StringBuilder::toString@5 (line 475)
  0x00000228490227a8: 5480 adff 

  0x00000228490227ac: ;   {other}
  0x00000228490227ac: 0f1f 8400 | 9c07 0004 | 4c8b 4c24 | 204c 8b44 | 2430 488b | d8e9 4dfb | ffff 4963 | cae9 8dfb 
  0x00000228490227cc: ffff 4883 | c1fe 488b | fa48 33c0 | 4883 f908 | 7f10 48ff | c978 4f48 | 8904 cf48 | ffc9 7df7 
  0x00000228490227ec: eb44 c5fd | efc0 e90d | 0000 00c5 | fe7f 07c5 | fe7f 4720 | 4883 c740 | 4883 e908 | 7ded 4883 
  0x000002284902280c: c104 7c0c | c5fe 7f07 | 4883 c720 | 4883 e904 | 4883 c104 | 7e10 48ff | c9c5 f9d6 | 0748 83c7 
  0x000002284902282c: 0848 ffc9 | 7df3 e9e8 | fbff ffba | ccff ffff | 488b 6c24 | 4844 895c | 2428 4489 | 5424 3090 
  0x000002284902284c: ;   {runtime_call UncommonTrapBlob}
  0x000002284902284c: c5f8 77e8 

  0x0000022849022850: ; ImmutableOopMap {rbp=Oop [40]=NarrowOop }
                      ;*newarray {reexecute=1 rethrow=0 return_oop=0}
                      ; - (reexecute) java.util.Arrays::copyOfRangeByte@10 (line 3863)
                      ; - java.util.Arrays::copyOfRange@13 (line 3854)
                      ; - java.lang.String::<init>@32 (line 4775)
                      ; - java.lang.String::<init>@3 (line 1496)
                      ; - java.lang.StringBuilder::toString@5 (line 475)
  0x0000022849022850: ac1d a1ff 

  0x0000022849022854: ;   {other}
  0x0000022849022854: 0f1f 8400 | 4408 0005 | 498b d7c5 | f877 49ba | d06c 0154 | fb7f 0000 

  0x000002284902286c: ;   {other}
  0x000002284902286c: 41ff d20f | 1f84 0000 | 0000 00e9 | aafb ffff | 4d85 c90f | 8591 fdff | ffba f6ff | ffff 6690 
  0x000002284902288c: ;   {runtime_call UncommonTrapBlob}
  0x000002284902288c: c5f8 77e8 

  0x0000022849022890: ; ImmutableOopMap {}
                      ;*arraylength {reexecute=0 rethrow=0 return_oop=0}
                      ; - java.lang.StringUTF16::coderFromArrayLen@2 (line 184)
                      ; - java.lang.String::<init>@72 (line 4780)
                      ; - java.lang.String::<init>@3 (line 1496)
                      ; - java.lang.StringBuilder::toString@5 (line 475)
  0x0000022849022890: 6c1d a1ff 

  0x0000022849022894: ;   {other}
  0x0000022849022894: 0f1f 8400 | 8408 0006 | 448b 5514 | 4585 d20f | 8429 fdff | ff4d 8b5f | 2849 8bca | 4d85 db0f 
  0x00000228490228b4: 84d3 0000 | 004d 8b57 | 384b 894c | 1af8 4983 | c3f8 4d89 | 5f28 e903 | fdff ff4d | 8b57 584d 
  0x00000228490228d4: 8b5f 48f0 | 8344 24c0 | 0041 8038 | 0074 3545 | 8820 4d85 | db74 0f4f | 8944 1af8 | 4983 c3f8 
  0x00000228490228f4: 4d89 5f48 | eb1e 498b | c849 8bd7 | c5f8 7749 | bab0 6c01 | 54fb 7f00 | 0041 ffd2 

  0x0000022849022910: ;   {other}
  0x0000022849022910: 0f1f 8400 | 0000 0000 | 448b 5514 | 4585 d20f | 8460 ffff | ff4d 8bca | e9e9 fcff | ffba 45ff 
  0x0000022849022930: ffff 488b | 6c24 4844 | 895c 2428 | 4489 5424 | 3044 8954 | 2434 6690 

  0x0000022849022948: ;   {runtime_call UncommonTrapBlob}
  0x0000022849022948: c5f8 77e8 

  0x000002284902294c: ; ImmutableOopMap {rbp=Oop [40]=NarrowOop }
                      ;*if_icmpge {reexecute=1 rethrow=0 return_oop=0}
                      ; - (reexecute) java.util.Arrays::checkLength@2 (line 3820)
                      ; - java.util.Arrays::copyOfRangeByte@2 (line 3861)
                      ; - java.util.Arrays::copyOfRange@13 (line 3854)
                      ; - java.lang.String::<init>@32 (line 4775)
                      ; - java.lang.String::<init>@3 (line 1496)
                      ; - java.lang.StringBuilder::toString@5 (line 475)
  0x000002284902294c: b01c a1ff 

  0x0000022849022950: ;   {other}
  0x0000022849022950: 0f1f 8400 | 4009 0007 | 4c8b 5424 | 2045 8b52 | 1445 85d2 | 0f84 78fd | ffff 4d8b | 5f28 498b 
  0x0000022849022970: ca4d 85db | 7436 4d8b | 5738 4b89 | 4c1a f849 | 83c3 f84d | 895f 28e9 | 56fd ffff | 498b d7c5 
  0x0000022849022990: f877 49ba | d06c 0154 | fb7f 0000 

  0x000002284902299c: ;   {other}
  0x000002284902299c: 41ff d20f | 1f84 0000 | 0000 00e9 | 26fc ffff | 498b d7c5 | f877 49ba | d06c 0154 | fb7f 0000 
  0x00000228490229bc: ;   {other}
  0x00000228490229bc: 41ff d20f | 1f84 0000 | 0000 00e9 | 16fd ffff | baf6 ffff | ff66 6690 

  0x00000228490229d4: ;   {runtime_call UncommonTrapBlob}
  0x00000228490229d4: c5f8 77e8 

  0x00000228490229d8: ; ImmutableOopMap {}
                      ;*arraylength {reexecute=0 rethrow=0 return_oop=0}
                      ; - java.util.Arrays::copyOfRange@6 (line 3853)
                      ; - java.lang.String::<init>@32 (line 4775)
                      ; - java.lang.String::<init>@3 (line 1496)
                      ; - java.lang.StringBuilder::toString@5 (line 475)
  0x00000228490229d8: 241c a1ff 

  0x00000228490229dc: ;   {other}
  0x00000228490229dc: 0f1f 8400 | cc09 0008 | ba97 ffff | ff66 6690 

  0x00000228490229ec: ;   {runtime_call UncommonTrapBlob}
  0x00000228490229ec: c5f8 77e8 

  0x00000228490229f0: ; ImmutableOopMap {rbp=Oop [40]=NarrowOop }
                      ;*invokevirtual clone {reexecute=1 rethrow=0 return_oop=0}
                      ; - (reexecute) java.util.Arrays::copyOfRange@18 (line 3856)
                      ; - java.lang.String::<init>@32 (line 4775)
                      ; - java.lang.String::<init>@3 (line 1496)
                      ; - java.lang.StringBuilder::toString@5 (line 475)
  0x00000228490229f0: 0c1c a1ff 

  0x00000228490229f4: ;   {other}
  0x00000228490229f4: 0f1f 8400 | e409 0009 | eb07 eb05 | 488b d0eb | 0348 8bd0 | c5f8 7748 | 83c4 705d 

  0x0000022849022a10: ;   {runtime_call _rethrow_Java}
  0x0000022849022a10: e96b c7ad 

  0x0000022849022a14: ;   {internal_word}
  0x0000022849022a14: ff49 ba6a | 2402 4928 | 0200 004d | 8997 6804 

  0x0000022849022a24: ;   {runtime_call SafepointBlob}
  0x0000022849022a24: 0000 e9d5 

  0x0000022849022a28: ;   {runtime_call StubRoutines (final stubs)}
  0x0000022849022a28: 2ca1 ffe8 | 3023 9fff | e905 f8ff | fff4 f4f4 
[Stub Code]
  0x0000022849022a38: ;   {no_reloc}
  0x0000022849022a38: 48bb 0000 | 0000 0000 

  0x0000022849022a40: ;   {runtime_call}
  0x0000022849022a40: 0000 e9fb 

  0x0000022849022a44: ;   {static_stub}
  0x0000022849022a44: ffff ff48 | bb00 0000 | 0000 0000 

  0x0000022849022a50: ;   {runtime_call}
  0x0000022849022a50: 00e9 fbff 

  0x0000022849022a54: ;   {runtime_call ExceptionBlob}
  0x0000022849022a54: ffff e9a5 | 41ad ffe8 | 0000 0000 | 4883 2c24 

  0x0000022849022a64: ;   {runtime_call DeoptimizationBlob}
  0x0000022849022a64: 05e9 361f | a1ff f4f4 | f4f4 f4f4 
[/MachCode]


---------------  P R O C E S S  ---------------

Threads class SMR info:
_java_thread_list=0x000002289945c980, length=14, elements={
0x0000022836e9f370, 0x00000228390bdbf0, 0x00000228390be910, 0x0000022853cc6e00,
0x0000022853cc8af0, 0x0000022853cd5980, 0x0000022853cd98e0, 0x0000022853cda670,
0x0000022853cdf130, 0x0000022899078f00, 0x000002289907f750, 0x0000022899a6ffd0,
0x0000022838ffa7e0, 0x0000022899b17cc0
}

Java Threads: ( => current thread )
=>0x0000022836e9f370 JavaThread "main"                              [_thread_in_vm, id=27276, stack(0x000000f021c00000,0x000000f021d00000) (1024K)]
  0x00000228390bdbf0 JavaThread "Reference Handler"          daemon [_thread_blocked, id=35588, stack(0x000000f022400000,0x000000f022500000) (1024K)]
  0x00000228390be910 JavaThread "Finalizer"                  daemon [_thread_blocked, id=968, stack(0x000000f022500000,0x000000f022600000) (1024K)]
  0x0000022853cc6e00 JavaThread "Signal Dispatcher"          daemon [_thread_blocked, id=36304, stack(0x000000f022600000,0x000000f022700000) (1024K)]
  0x0000022853cc8af0 JavaThread "Attach Listener"            daemon [_thread_blocked, id=36224, stack(0x000000f022700000,0x000000f022800000) (1024K)]
  0x0000022853cd5980 JavaThread "Service Thread"             daemon [_thread_blocked, id=28564, stack(0x000000f022800000,0x000000f022900000) (1024K)]
  0x0000022853cd98e0 JavaThread "Monitor Deflation Thread"   daemon [_thread_blocked, id=34408, stack(0x000000f022900000,0x000000f022a00000) (1024K)]
  0x0000022853cda670 JavaThread "C2 CompilerThread0"         daemon [_thread_blocked, id=36020, stack(0x000000f022a00000,0x000000f022b00000) (1024K)]
  0x0000022853cdf130 JavaThread "C1 CompilerThread0"         daemon [_thread_blocked, id=35120, stack(0x000000f022b00000,0x000000f022c00000) (1024K)]
  0x0000022899078f00 JavaThread "Notification Thread"        daemon [_thread_blocked, id=33644, stack(0x000000f022c00000,0x000000f022d00000) (1024K)]
  0x000002289907f750 JavaThread "Common-Cleaner"             daemon [_thread_blocked, id=36216, stack(0x000000f022d00000,0x000000f022e00000) (1024K)]
  0x0000022899a6ffd0 JavaThread "ForkJoinPool.commonPool-worker-1" daemon [_thread_blocked, id=5740, stack(0x000000f023100000,0x000000f023200000) (1024K)]
  0x0000022838ffa7e0 JavaThread "ForkJoinPool.commonPool-worker-2" daemon [_thread_blocked, id=22224, stack(0x000000f023200000,0x000000f023300000) (1024K)]
  0x0000022899b17cc0 JavaThread "ForkJoinPool.commonPool-worker-3" daemon [_thread_blocked, id=17692, stack(0x000000f023300000,0x000000f023400000) (1024K)]
Total: 14

Other Threads:
  0x00000228390ab4c0 VMThread "VM Thread"                           [id=34272, stack(0x000000f022300000,0x000000f022400000) (1024K)]
  0x0000022853cbb2f0 WatcherThread "VM Periodic Task Thread"        [id=34788, stack(0x000000f022200000,0x000000f022300000) (1024K)]
  0x00000228390218d0 WorkerThread "GC Thread#0"                     [id=33916, stack(0x000000f021d00000,0x000000f021e00000) (1024K)]
  0x00000228995f8ce0 WorkerThread "GC Thread#1"                     [id=28364, stack(0x000000f022e00000,0x000000f022f00000) (1024K)]
  0x0000022899638dc0 WorkerThread "GC Thread#2"                     [id=26364, stack(0x000000f022f00000,0x000000f023000000) (1024K)]
  0x0000022899639170 WorkerThread "GC Thread#3"                     [id=34808, stack(0x000000f023000000,0x000000f023100000) (1024K)]
  0x000002283902a770 ConcurrentGCThread "G1 Main Marker"            [id=34440, stack(0x000000f021e00000,0x000000f021f00000) (1024K)]
  0x000002283902ba20 WorkerThread "G1 Conc#0"                       [id=12968, stack(0x000000f021f00000,0x000000f022000000) (1024K)]
  0x000002283908d450 ConcurrentGCThread "G1 Refine#0"               [id=33292, stack(0x000000f022000000,0x000000f022100000) (1024K)]
  0x000002283908ded0 ConcurrentGCThread "G1 Service"                [id=35880, stack(0x000000f022100000,0x000000f022200000) (1024K)]
Total: 10

Threads with active compile tasks:
Total: 0

VM state: not at safepoint (normal execution)

VM Mutex/Monitor currently owned by a thread:  ([mutex/lock_event])
[0x00007ffb5493b050] Heap_lock - owner thread: 0x0000022836e9f370

Heap address: 0x00000000c1800000, size: 1000 MB, Compressed Oops mode: 32-bit

CDS archive(s) mapped at: [0x0000022854000000-0x0000022854c90000-0x0000022854c90000), size 13172736, SharedBaseAddress: 0x0000022854000000, ArchiveRelocationMode: 1.
Compressed class space mapped at: 0x0000022855000000-0x0000022895000000, reserved size: 1073741824
Narrow klass base: 0x0000022854000000, Narrow klass shift: 0, Narrow klass range: 0x100000000

GC Precious Log:
 CardTable entry size: 512
 Card Set container configuration: InlinePtr #cards 5 size 8 Array Of Cards #cards 12 size 40 Howl #buckets 4 coarsen threshold 1843 Howl Bitmap #cards 512 size 80 coarsen threshold 460 Card regions per heap region 1 cards per card region 2048
 CPUs: 4 total, 4 available
 Memory: 3993M
 Large Page Support: Disabled
 NUMA Support: Disabled
 Compressed Oops: Enabled (32-bit)
 Heap Region Size: 1M
 Heap Min Capacity: 8M
 Heap Initial Capacity: 64M
 Heap Max Capacity: 1000M
 Pre-touch: Disabled
 Parallel Workers: 4
 Concurrent Workers: 1
 Concurrent Refinement Workers: 4
 Periodic GC: Disabled

Heap:
 garbage-first heap   total 53248K, used 51689K [0x00000000c1800000, 0x0000000100000000)
  region size 1024K, 22 young (22528K), 5 survivors (5120K)
 Metaspace       used 27480K, committed 27840K, reserved 1114112K
  class space    used 3174K, committed 3328K, reserved 1048576K

Heap Regions: E=young(eden), S=young(survivor), O=old, HS=humongous(starts), HC=humongous(continues), CS=collection set, F=free, TAMS=top-at-mark-start, PB=parsable bottom
|   0|0x00000000c1800000, 0x00000000c1900000, 0x00000000c1900000|100%| O|  |TAMS 0x00000000c1800000| PB 0x00000000c1800000| Untracked 
|   1|0x00000000c1900000, 0x00000000c1a00000, 0x00000000c1a00000|100%| O|  |TAMS 0x00000000c1900000| PB 0x00000000c1900000| Untracked 
|   2|0x00000000c1a00000, 0x00000000c1b00000, 0x00000000c1b00000|100%| O|  |TAMS 0x00000000c1a00000| PB 0x00000000c1a00000| Untracked 
|   3|0x00000000c1b00000, 0x00000000c1c00000, 0x00000000c1c00000|100%| O|  |TAMS 0x00000000c1b00000| PB 0x00000000c1b00000| Untracked 
|   4|0x00000000c1c00000, 0x00000000c1d00000, 0x00000000c1d00000|100%| O|  |TAMS 0x00000000c1c00000| PB 0x00000000c1c00000| Untracked 
|   5|0x00000000c1d00000, 0x00000000c1e00000, 0x00000000c1e00000|100%| O|  |TAMS 0x00000000c1d00000| PB 0x00000000c1d00000| Untracked 
|   6|0x00000000c1e00000, 0x00000000c1f00000, 0x00000000c1f00000|100%| O|  |TAMS 0x00000000c1e00000| PB 0x00000000c1e00000| Untracked 
|   7|0x00000000c1f00000, 0x00000000c2000000, 0x00000000c2000000|100%| O|  |TAMS 0x00000000c1f00000| PB 0x00000000c1f00000| Untracked 
|   8|0x00000000c2000000, 0x00000000c207ba00, 0x00000000c2100000| 48%| O|Cm|TAMS 0x00000000c2000000| PB 0x00000000c2000000| Complete 
|   9|0x00000000c2100000, 0x00000000c2200000, 0x00000000c2200000|100%|HS|  |TAMS 0x00000000c2100000| PB 0x00000000c2100000| Complete 
|  10|0x00000000c2200000, 0x00000000c2300000, 0x00000000c2300000|100%|HS|  |TAMS 0x00000000c2200000| PB 0x00000000c2200000| Complete 
|  11|0x00000000c2300000, 0x00000000c2400000, 0x00000000c2400000|100%|HS|  |TAMS 0x00000000c2300000| PB 0x00000000c2300000| Complete 
|  12|0x00000000c2400000, 0x00000000c2500000, 0x00000000c2500000|100%|HC|  |TAMS 0x00000000c2400000| PB 0x00000000c2400000| Complete 
|  13|0x00000000c2500000, 0x00000000c2600000, 0x00000000c2600000|100%|HS|  |TAMS 0x00000000c2500000| PB 0x00000000c2500000| Complete 
|  14|0x00000000c2600000, 0x00000000c2700000, 0x00000000c2700000|100%|HC|  |TAMS 0x00000000c2600000| PB 0x00000000c2600000| Complete 
|  15|0x00000000c2700000, 0x00000000c2800000, 0x00000000c2800000|100%|HS|  |TAMS 0x00000000c2700000| PB 0x00000000c2700000| Complete 
|  16|0x00000000c2800000, 0x00000000c2900000, 0x00000000c2900000|100%|HC|  |TAMS 0x00000000c2800000| PB 0x00000000c2800000| Complete 
|  17|0x00000000c2900000, 0x00000000c2a00000, 0x00000000c2a00000|100%|HS|  |TAMS 0x00000000c2900000| PB 0x00000000c2900000| Complete 
|  18|0x00000000c2a00000, 0x00000000c2b00000, 0x00000000c2b00000|100%|HC|  |TAMS 0x00000000c2a00000| PB 0x00000000c2a00000| Complete 
|  19|0x00000000c2b00000, 0x00000000c2c00000, 0x00000000c2c00000|100%|HS|  |TAMS 0x00000000c2b00000| PB 0x00000000c2b00000| Complete 
|  20|0x00000000c2c00000, 0x00000000c2d00000, 0x00000000c2d00000|100%|HS|  |TAMS 0x00000000c2c00000| PB 0x00000000c2c00000| Complete 
|  21|0x00000000c2d00000, 0x00000000c2e00000, 0x00000000c2e00000|100%|HC|  |TAMS 0x00000000c2d00000| PB 0x00000000c2d00000| Complete 
|  22|0x00000000c2e00000, 0x00000000c2f00000, 0x00000000c2f00000|100%|HS|  |TAMS 0x00000000c2e00000| PB 0x00000000c2e00000| Complete 
|  23|0x00000000c2f00000, 0x00000000c3000000, 0x00000000c3000000|100%|HC|  |TAMS 0x00000000c2f00000| PB 0x00000000c2f00000| Complete 
|  24|0x00000000c3000000, 0x00000000c3100000, 0x00000000c3100000|100%|HS|  |TAMS 0x00000000c3000000| PB 0x00000000c3000000| Complete 
|  25|0x00000000c3100000, 0x00000000c3200000, 0x00000000c3200000|100%|HC|  |TAMS 0x00000000c3100000| PB 0x00000000c3100000| Complete 
|  26|0x00000000c3200000, 0x00000000c3300000, 0x00000000c3300000|100%|HS|  |TAMS 0x00000000c3200000| PB 0x00000000c3200000| Complete 
|  27|0x00000000c3300000, 0x00000000c3400000, 0x00000000c3400000|100%|HC|  |TAMS 0x00000000c3300000| PB 0x00000000c3300000| Complete 
|  28|0x00000000c3400000, 0x00000000c34a0030, 0x00000000c3500000| 62%| E|  |TAMS 0x00000000c3400000| PB 0x00000000c3400000| Complete 
|  29|0x00000000c3500000, 0x00000000c35ff898, 0x00000000c3600000| 99%| E|  |TAMS 0x00000000c3500000| PB 0x00000000c3500000| Complete 
|  30|0x00000000c3600000, 0x00000000c3700000, 0x00000000c3700000|100%| E|CS|TAMS 0x00000000c3600000| PB 0x00000000c3600000| Complete 
|  31|0x00000000c3700000, 0x00000000c3800000, 0x00000000c3800000|100%| E|CS|TAMS 0x00000000c3700000| PB 0x00000000c3700000| Complete 
|  32|0x00000000c3800000, 0x00000000c385f148, 0x00000000c3900000| 37%| S|CS|TAMS 0x00000000c3800000| PB 0x00000000c3800000| Complete 
|  33|0x00000000c3900000, 0x00000000c3a00000, 0x00000000c3a00000|100%| S|CS|TAMS 0x00000000c3900000| PB 0x00000000c3900000| Complete 
|  34|0x00000000c3a00000, 0x00000000c3b00000, 0x00000000c3b00000|100%| S|CS|TAMS 0x00000000c3a00000| PB 0x00000000c3a00000| Complete 
|  35|0x00000000c3b00000, 0x00000000c3c00000, 0x00000000c3c00000|100%| S|CS|TAMS 0x00000000c3b00000| PB 0x00000000c3b00000| Complete 
|  36|0x00000000c3c00000, 0x00000000c3d00000, 0x00000000c3d00000|100%| S|CS|TAMS 0x00000000c3c00000| PB 0x00000000c3c00000| Complete 
|  37|0x00000000c3d00000, 0x00000000c3e00000, 0x00000000c3e00000|100%| E|CS|TAMS 0x00000000c3d00000| PB 0x00000000c3d00000| Complete 
|  38|0x00000000c3e00000, 0x00000000c3f00000, 0x00000000c3f00000|100%| E|CS|TAMS 0x00000000c3e00000| PB 0x00000000c3e00000| Complete 
|  39|0x00000000c3f00000, 0x00000000c4000000, 0x00000000c4000000|100%| E|CS|TAMS 0x00000000c3f00000| PB 0x00000000c3f00000| Complete 
|  40|0x00000000c4000000, 0x00000000c4100000, 0x00000000c4100000|100%| E|CS|TAMS 0x00000000c4000000| PB 0x00000000c4000000| Complete 
|  41|0x00000000c4100000, 0x00000000c4200000, 0x00000000c4200000|100%| E|CS|TAMS 0x00000000c4100000| PB 0x00000000c4100000| Complete 
|  42|0x00000000c4200000, 0x00000000c4300000, 0x00000000c4300000|100%| E|CS|TAMS 0x00000000c4200000| PB 0x00000000c4200000| Complete 
|  43|0x00000000c4300000, 0x00000000c4400000, 0x00000000c4400000|100%| E|CS|TAMS 0x00000000c4300000| PB 0x00000000c4300000| Complete 
|  44|0x00000000c4400000, 0x00000000c4500000, 0x00000000c4500000|100%| E|CS|TAMS 0x00000000c4400000| PB 0x00000000c4400000| Complete 
|  45|0x00000000c4500000, 0x00000000c4600000, 0x00000000c4600000|100%| E|CS|TAMS 0x00000000c4500000| PB 0x00000000c4500000| Complete 
|  46|0x00000000c4600000, 0x00000000c4700000, 0x00000000c4700000|100%| E|CS|TAMS 0x00000000c4600000| PB 0x00000000c4600000| Complete 
|  47|0x00000000c4700000, 0x00000000c4800000, 0x00000000c4800000|100%| E|CS|TAMS 0x00000000c4700000| PB 0x00000000c4700000| Complete 
|  48|0x00000000c4800000, 0x00000000c4900000, 0x00000000c4900000|100%| E|CS|TAMS 0x00000000c4800000| PB 0x00000000c4800000| Complete 
|  49|0x00000000c4900000, 0x00000000c4a00000, 0x00000000c4a00000|100%|HS|  |TAMS 0x00000000c4900000| PB 0x00000000c4900000| Complete 
|  50|0x00000000c4a00000, 0x00000000c4b00000, 0x00000000c4b00000|100%|HC|  |TAMS 0x00000000c4a00000| PB 0x00000000c4a00000| Complete 
|  63|0x00000000c5700000, 0x00000000c5800000, 0x00000000c5800000|100%| E|CS|TAMS 0x00000000c5700000| PB 0x00000000c5700000| Complete 

Card table byte_map: [0x00000228506b0000,0x00000228508b0000] _byte_map_base: 0x00000228500a4000

Marking Bits: (CMBitMap*) 0x0000022839021fe0
 Bits: [0x00000228508b0000, 0x0000022851850000)

Polling page: 0x0000022836fc0000

Metaspace:

Usage:
  Non-class:     23.74 MB used.
      Class:      3.10 MB used.
       Both:     26.84 MB used.

Virtual space:
  Non-class space:       64.00 MB reserved,      23.94 MB ( 37%) committed,  1 nodes.
      Class space:        1.00 GB reserved,       3.25 MB ( <1%) committed,  1 nodes.
             Both:        1.06 GB reserved,      27.19 MB (  2%) committed. 

Chunk freelists:
   Non-Class:  8.09 MB
       Class:  12.68 MB
        Both:  20.77 MB

MaxMetaspaceSize: unlimited
CompressedClassSpaceSize: 1.00 GB
Initial GC threshold: 21.00 MB
Current GC threshold: 35.12 MB
CDS: on
 - commit_granule_bytes: 65536.
 - commit_granule_words: 8192.
 - virtual_space_node_default_size: 8388608.
 - enlarge_chunks_in_place: 1.
 - use_allocation_guard: 0.


Internal statistics:

num_allocs_failed_limit: 3.
num_arena_births: 300.
num_arena_deaths: 0.
num_vsnodes_births: 2.
num_vsnodes_deaths: 0.
num_space_committed: 435.
num_space_uncommitted: 0.
num_chunks_returned_to_freelist: 3.
num_chunks_taken_from_freelist: 1031.
num_chunk_merges: 0.
num_chunk_splits: 705.
num_chunks_enlarged: 533.
num_inconsistent_stats: 0.

CodeHeap 'non-profiled nmethods': size=120000Kb used=1642Kb max_used=1642Kb free=118357Kb
 bounds [0x0000022848f80000, 0x00000228491f0000, 0x00000228504b0000]
CodeHeap 'profiled nmethods': size=120000Kb used=7773Kb max_used=7773Kb free=112226Kb
 bounds [0x00000228414b0000, 0x0000022841c50000, 0x00000228489e0000]
CodeHeap 'non-nmethods': size=5760Kb used=1540Kb max_used=1578Kb free=4219Kb
 bounds [0x00000228489e0000, 0x0000022848c50000, 0x0000022848f80000]
 total_blobs=4515 nmethods=3915 adapters=504
 compilation: enabled
              stopped_count=0, restarted_count=0
 full_count=0

Compilation events (20 events):
Event: 12.754 Thread 0x0000022853cda670 3908       4       com.fasterxml.jackson.core.json.UTF8JsonGenerator::_verifyValueWrite (143 bytes)
Event: 12.754 Thread 0x0000022853cdf130 3910       3       java.lang.invoke.LambdaForm$MH/0x0000022855210000::invoke (42 bytes)
Event: 12.755 Thread 0x0000022853cdf130 nmethod 3910 0x0000022841c42690 code [0x0000022841c428c0, 0x0000022841c433e0]
Event: 12.756 Thread 0x0000022853cda670 nmethod 3908 0x0000022849119d90 code [0x0000022849119f20, 0x000002284911a120]
Event: 12.757 Thread 0x0000022853cda670 3911       4       java.util.Base64$Encoder::encodeBlock (153 bytes)
Event: 12.763 Thread 0x0000022853cda670 nmethod 3911 0x000002284911a310 code [0x000002284911a4a0, 0x000002284911a7c8]
Event: 12.953 Thread 0x0000022853cdf130 3912       3       java.io.FilterInputStream::read (11 bytes)
Event: 12.953 Thread 0x0000022853cdf130 nmethod 3912 0x0000022841c43690 code [0x0000022841c43840, 0x0000022841c43a18]
Event: 12.972 Thread 0x0000022853cdf130 3913       3       java.io.FilterInputStream::read (9 bytes)
Event: 12.972 Thread 0x0000022853cdf130 nmethod 3913 0x0000022841c43b10 code [0x0000022841c43cc0, 0x0000022841c43ea0]
Event: 12.979 Thread 0x0000022853cdf130 3914       3       org.apache.commons.io.output.ThresholdingOutputStream::getStream (14 bytes)
Event: 12.979 Thread 0x0000022853cdf130 nmethod 3914 0x0000022841c43f90 code [0x0000022841c44140, 0x0000022841c44410]
Event: 12.979 Thread 0x0000022853cdf130 3915       3       org.apache.commons.io.IOUtils$$Lambda/0x000002285534f848::apply (12 bytes)
Event: 12.980 Thread 0x0000022853cdf130 nmethod 3915 0x0000022841c44510 code [0x0000022841c446c0, 0x0000022841c44920]
Event: 12.980 Thread 0x0000022853cdf130 3916       3       org.apache.commons.io.output.ThresholdingOutputStream::write (27 bytes)
Event: 12.980 Thread 0x0000022853cdf130 nmethod 3916 0x0000022841c44a10 code [0x0000022841c44c20, 0x0000022841c452a0]
Event: 12.980 Thread 0x0000022853cdf130 3917       3       org.apache.commons.io.output.ThresholdingOutputStream::checkThreshold (33 bytes)
Event: 12.981 Thread 0x0000022853cdf130 nmethod 3917 0x0000022841c45490 code [0x0000022841c45640, 0x0000022841c45910]
Event: 12.981 Thread 0x0000022853cdf130 3918       3       org.apache.commons.io.output.UnsynchronizedByteArrayOutputStream::write (72 bytes)
Event: 12.982 Thread 0x0000022853cdf130 nmethod 3918 0x0000022841c45a10 code [0x0000022841c45d20, 0x0000022841c470b8]

GC Heap History (8 events):
Event: 1.481 GC heap before
{Heap before GC invocations=0 (full 0):
 garbage-first heap   total 65536K, used 13312K [0x00000000c1800000, 0x0000000100000000)
  region size 1024K, 13 young (13312K), 0 survivors (0K)
 Metaspace       used 5167K, committed 5312K, reserved 1114112K
  class space    used 636K, committed 704K, reserved 1048576K
}
Event: 1.507 GC heap after
{Heap after GC invocations=1 (full 0):
 garbage-first heap   total 65536K, used 3456K [0x00000000c1800000, 0x0000000100000000)
  region size 1024K, 2 young (2048K), 2 survivors (2048K)
 Metaspace       used 5167K, committed 5312K, reserved 1114112K
  class space    used 636K, committed 704K, reserved 1048576K
}
Event: 2.479 GC heap before
{Heap before GC invocations=1 (full 0):
 garbage-first heap   total 65536K, used 18816K [0x00000000c1800000, 0x0000000100000000)
  region size 1024K, 17 young (17408K), 2 survivors (2048K)
 Metaspace       used 9589K, committed 9728K, reserved 1114112K
  class space    used 1116K, committed 1216K, reserved 1048576K
}
Event: 2.488 GC heap after
{Heap after GC invocations=2 (full 0):
 garbage-first heap   total 65536K, used 5441K [0x00000000c1800000, 0x0000000100000000)
  region size 1024K, 2 young (2048K), 2 survivors (2048K)
 Metaspace       used 9589K, committed 9728K, reserved 1114112K
  class space    used 1116K, committed 1216K, reserved 1048576K
}
Event: 7.288 GC heap before
{Heap before GC invocations=2 (full 0):
 garbage-first heap   total 65536K, used 41281K [0x00000000c1800000, 0x0000000100000000)
  region size 1024K, 38 young (38912K), 2 survivors (2048K)
 Metaspace       used 15809K, committed 16064K, reserved 1114112K
  class space    used 1781K, committed 1920K, reserved 1048576K
}
Event: 7.301 GC heap after
{Heap after GC invocations=3 (full 0):
 garbage-first heap   total 65536K, used 8731K [0x00000000c1800000, 0x0000000100000000)
  region size 1024K, 5 young (5120K), 5 survivors (5120K)
 Metaspace       used 15809K, committed 16064K, reserved 1114112K
  class space    used 1781K, committed 1920K, reserved 1048576K
}
Event: 8.953 GC heap before
{Heap before GC invocations=3 (full 0):
 garbage-first heap   total 65536K, used 34331K [0x00000000c1800000, 0x0000000100000000)
  region size 1024K, 32 young (32768K), 5 survivors (5120K)
 Metaspace       used 21261K, committed 21504K, reserved 1114112K
  class space    used 2415K, committed 2560K, reserved 1048576K
}
Event: 8.977 GC heap after
{Heap after GC invocations=4 (full 0):
 garbage-first heap   total 65536K, used 13162K [0x00000000c1800000, 0x0000000100000000)
  region size 1024K, 5 young (5120K), 5 survivors (5120K)
 Metaspace       used 21261K, committed 21504K, reserved 1114112K
  class space    used 2415K, committed 2560K, reserved 1048576K
}

Dll operation events (9 events):
Event: 0.011 Loaded shared library C:\Program Files\Java\jdk-21.0.11\bin\java.dll
Event: 0.125 Loaded shared library C:\Program Files\Java\jdk-21.0.11\bin\jsvml.dll
Event: 0.241 Loaded shared library C:\Program Files\Java\jdk-21.0.11\bin\net.dll
Event: 0.244 Loaded shared library C:\Program Files\Java\jdk-21.0.11\bin\nio.dll
Event: 0.249 Loaded shared library C:\Program Files\Java\jdk-21.0.11\bin\zip.dll
Event: 0.474 Loaded shared library C:\Program Files\Java\jdk-21.0.11\bin\jimage.dll
Event: 8.075 Loaded shared library C:\Program Files\Java\jdk-21.0.11\bin\verify.dll
Event: 8.833 Loaded shared library C:\Program Files\Java\jdk-21.0.11\bin\sunmscapi.dll
Event: 10.029 Loaded shared library C:\Program Files\Java\jdk-21.0.11\bin\extnet.dll

Deoptimization events (20 events):
Event: 11.611 Thread 0x0000022899b17cc0 Uncommon trap: trap_request=0xffffff45 fr.pc=0x000002284901f3bc relative=0x000000000000009c
Event: 11.611 Thread 0x0000022899b17cc0 Uncommon trap: reason=unstable_if action=reinterpret pc=0x000002284901f3bc method=java.lang.CharacterDataLatin1.isWhitespace(I)Z @ 14 c2
Event: 11.611 Thread 0x0000022899b17cc0 DEOPT PACKING pc=0x000002284901f3bc sp=0x000000f0233fd5d0
Event: 11.611 Thread 0x0000022899b17cc0 DEOPT UNPACKING pc=0x0000022848a346a2 sp=0x000000f0233fd540 mode 2
Event: 11.702 Thread 0x0000022899b17cc0 DEOPT PACKING pc=0x0000022841bfdbc0 sp=0x000000f0233fcec0
Event: 11.702 Thread 0x0000022899b17cc0 DEOPT UNPACKING pc=0x0000022848a34e42 sp=0x000000f0233fc340 mode 0
Event: 12.307 Thread 0x0000022899b17cc0 Uncommon trap: trap_request=0xffffff45 fr.pc=0x00000228490bdeec relative=0x00000000000002ac
Event: 12.307 Thread 0x0000022899b17cc0 Uncommon trap: reason=unstable_if action=reinterpret pc=0x00000228490bdeec method=java.util.LinkedHashMap.get(Ljava/lang/Object;)Ljava/lang/Object; @ 16 c2
Event: 12.307 Thread 0x0000022899b17cc0 DEOPT PACKING pc=0x00000228490bdeec sp=0x000000f0233fdc30
Event: 12.307 Thread 0x0000022899b17cc0 DEOPT UNPACKING pc=0x0000022848a346a2 sp=0x000000f0233fdbd8 mode 2
Event: 12.332 Thread 0x0000022899b17cc0 Uncommon trap: trap_request=0xffffff45 fr.pc=0x000002284907e3c4 relative=0x0000000000001304
Event: 12.332 Thread 0x0000022899b17cc0 Uncommon trap: reason=unstable_if action=reinterpret pc=0x000002284907e3c4 method=jdk.internal.org.objectweb.asm.Frame.execute(IILjdk/internal/org/objectweb/asm/Symbol;Ljdk/internal/org/objectweb/asm/SymbolTable;)V @ 1 c2
Event: 12.332 Thread 0x0000022899b17cc0 DEOPT PACKING pc=0x000002284907e3c4 sp=0x000000f0233fc1e0
Event: 12.332 Thread 0x0000022899b17cc0 DEOPT UNPACKING pc=0x0000022848a346a2 sp=0x000000f0233fc148 mode 2
Event: 12.341 Thread 0x0000022899b17cc0 Uncommon trap: trap_request=0xffffff45 fr.pc=0x0000022848fcf02c relative=0x000000000000010c
Event: 12.341 Thread 0x0000022899b17cc0 Uncommon trap: reason=unstable_if action=reinterpret pc=0x0000022848fcf02c method=jdk.internal.org.objectweb.asm.ByteVector.putShort(I)Ljdk/internal/org/objectweb/asm/ByteVector; @ 13 c2
Event: 12.341 Thread 0x0000022899b17cc0 DEOPT PACKING pc=0x0000022848fcf02c sp=0x000000f0233fc1a0
Event: 12.341 Thread 0x0000022899b17cc0 DEOPT UNPACKING pc=0x0000022848a346a2 sp=0x000000f0233fc128 mode 2
Event: 12.755 Thread 0x0000022836e9f370 DEOPT PACKING pc=0x0000022841adde3f sp=0x000000f021cfee40
Event: 12.756 Thread 0x0000022836e9f370 DEOPT UNPACKING pc=0x0000022848a34e42 sp=0x000000f021cfe2d8 mode 0

Classes loaded (20 events):
Event: 12.331 Loading class java/lang/invoke/MethodHandleImpl$Makers$3
Event: 12.331 Loading class java/lang/invoke/MethodHandleImpl$Makers$3 done
Event: 12.331 Loading class java/lang/invoke/MethodHandleImpl$CountingWrapper
Event: 12.331 Loading class java/lang/invoke/MethodHandleImpl$CountingWrapper done
Event: 12.335 Loading class java/lang/invoke/MethodHandleImpl$TableSwitchCacheKey
Event: 12.335 Loading class java/lang/invoke/MethodHandleImpl$TableSwitchCacheKey done
Event: 12.362 Loading class sun/security/ssl/Alert
Event: 12.363 Loading class sun/security/ssl/Alert done
Event: 12.363 Loading class sun/security/ssl/Alert$AlertConsumer
Event: 12.364 Loading class sun/security/ssl/Alert$AlertConsumer done
Event: 12.364 Loading class sun/security/ssl/Alert$Level
Event: 12.364 Loading class sun/security/ssl/Alert$Level done
Event: 12.750 Loading class java/util/stream/ReduceOps$5
Event: 12.751 Loading class java/util/stream/ReduceOps$5 done
Event: 12.751 Loading class java/util/stream/ReduceOps$CountingSink$OfRef
Event: 12.751 Loading class java/util/stream/ReduceOps$CountingSink
Event: 12.752 Loading class java/util/stream/ReduceOps$CountingSink done
Event: 12.752 Loading class java/util/stream/ReduceOps$CountingSink$OfRef done
Event: 12.761 Loading class java/io/SequenceInputStream
Event: 12.761 Loading class java/io/SequenceInputStream done

Classes unloaded (0 events):
No events

Classes redefined (0 events):
No events

Internal exceptions (20 events):
Event: 8.621 Thread 0x0000022836e9f370 Exception <a 'java/lang/NoSuchMethodError'{0x00000000c4272550}: 'java.lang.Object java.lang.invoke.DirectMethodHandle$Holder.invokeStatic(java.lang.Object, long, java.lang.Object, java.lang.Object)'> (0x00000000c4272550) 
thrown [s\open\src\hotspot\share\interpreter\linkResolver.cpp, line 773]
Event: 8.622 Thread 0x0000022836e9f370 Exception <a 'java/lang/NoSuchMethodError'{0x00000000c42786d8}: 'java.lang.Object java.lang.invoke.DirectMethodHandle$Holder.newInvokeSpecial(java.lang.Object, long)'> (0x00000000c42786d8) 
thrown [s\open\src\hotspot\share\interpreter\linkResolver.cpp, line 773]
Event: 8.903 Thread 0x0000022899b17cc0 Exception <a 'sun/nio/fs/WindowsException'{0x00000000c3ed97b0}> (0x00000000c3ed97b0) 
thrown [s\open\src\hotspot\share\prims\jni.cpp, line 520]
Event: 9.101 Thread 0x0000022899b17cc0 Exception <a 'java/lang/NoSuchMethodError'{0x00000000c48f93f0}: 'void java.lang.invoke.DirectMethodHandle$Holder.invokeVirtual(java.lang.Object, java.lang.Object)'> (0x00000000c48f93f0) 
thrown [s\open\src\hotspot\share\interpreter\linkResolver.cpp, line 773]
Event: 12.309 Thread 0x0000022899b17cc0 Exception <a 'java/lang/NoSuchMethodError'{0x00000000c3d12848}: 'java.lang.Object java.lang.invoke.DirectMethodHandle$Holder.invokeStaticInit(java.lang.Object, java.lang.Object, java.lang.Object, java.lang.Object, java.lang.Object)'> (0x00000000c3d12848) 
thrown [s\open\src\hotspot\share\interpreter\linkResolver.cpp, line 773]
Event: 12.310 Thread 0x0000022899b17cc0 Exception <a 'java/lang/NoSuchMethodError'{0x00000000c3d16630}: 'java.lang.Object java.lang.invoke.Invokers$Holder.invoke_MT(java.lang.Object, java.lang.Object, java.lang.Object, java.lang.Object, java.lang.Object, java.lang.Object)'> (0x00000000c3d16630) 
thrown [s\open\src\hotspot\share\interpreter\linkResolver.cpp, line 773]
Event: 12.312 Thread 0x0000022899b17cc0 Exception <a 'java/lang/NoSuchMethodError'{0x00000000c3d1ac08}: 'java.lang.Object java.lang.invoke.DirectMethodHandle$Holder.invokeStatic(java.lang.Object, java.lang.Object, int)'> (0x00000000c3d1ac08) 
thrown [s\open\src\hotspot\share\interpreter\linkResolver.cpp, line 773]
Event: 12.316 Thread 0x0000022899b17cc0 Exception <a 'java/lang/NoSuchMethodError'{0x00000000c3d25380}: 'void java.lang.invoke.DirectMethodHandle$Holder.invokeStatic(java.lang.Object, java.lang.Object, int, java.lang.Object)'> (0x00000000c3d25380) 
thrown [s\open\src\hotspot\share\interpreter\linkResolver.cpp, line 773]
Event: 12.317 Thread 0x0000022899b17cc0 Exception <a 'java/lang/NoSuchMethodError'{0x00000000c3d2c760}: 'void java.lang.invoke.DelegatingMethodHandle$Holder.delegate(java.lang.Object, java.lang.Object, int, java.lang.Object)'> (0x00000000c3d2c760) 
thrown [s\open\src\hotspot\share\interpreter\linkResolver.cpp, line 773]
Event: 12.318 Thread 0x0000022899b17cc0 Exception <a 'java/lang/NoSuchMethodError'{0x00000000c3d36d18}: 'int java.lang.invoke.DirectMethodHandle$Holder.invokeSpecial(java.lang.Object, java.lang.Object, java.lang.Object, java.lang.Object)'> (0x00000000c3d36d18) 
thrown [s\open\src\hotspot\share\interpreter\linkResolver.cpp, line 773]
Event: 12.319 Thread 0x0000022899b17cc0 Exception <a 'java/lang/NoSuchMethodError'{0x00000000c3d3d5d8}: 'int java.lang.invoke.DirectMethodHandle$Holder.invokeStaticInit(java.lang.Object, java.lang.Object, java.lang.Object)'> (0x00000000c3d3d5d8) 
thrown [s\open\src\hotspot\share\interpreter\linkResolver.cpp, line 773]
Event: 12.320 Thread 0x0000022899b17cc0 Exception <a 'java/lang/NoSuchMethodError'{0x00000000c3d40f98}: 'int java.lang.invoke.DirectMethodHandle$Holder.invokeStaticInit(java.lang.Object, java.lang.Object, java.lang.Object, java.lang.Object, java.lang.Object)'> (0x00000000c3d40f98) 
thrown [s\open\src\hotspot\share\interpreter\linkResolver.cpp, line 773]
Event: 12.322 Thread 0x0000022899b17cc0 Exception <a 'java/lang/NoSuchMethodError'{0x00000000c3d484c0}: 'int java.lang.invoke.DirectMethodHandle$Holder.invokeStaticInit(java.lang.Object, java.lang.Object, java.lang.Object, java.lang.Object, java.lang.Object, java.lang.Object)'> (0x00000000c3d484c0) 
thrown [s\open\src\hotspot\share\interpreter\linkResolver.cpp, line 773]
Event: 12.328 Thread 0x0000022899b17cc0 Exception <a 'java/lang/NoSuchMethodError'{0x00000000c3d61c50}: 'java.lang.Object java.lang.invoke.DirectMethodHandle$Holder.invokeSpecial(java.lang.Object, java.lang.Object, int, java.lang.Object, java.lang.Object)'> (0x00000000c3d61c50) 
thrown [s\open\src\hotspot\share\interpreter\linkResolver.cpp, line 773]
Event: 12.329 Thread 0x0000022899b17cc0 Exception <a 'java/lang/NoSuchMethodError'{0x00000000c3d65880}: 'java.lang.Object java.lang.invoke.DelegatingMethodHandle$Holder.delegate(java.lang.Object, int, java.lang.Object, java.lang.Object)'> (0x00000000c3d65880) 
thrown [s\open\src\hotspot\share\interpreter\linkResolver.cpp, line 773]
Event: 12.335 Thread 0x0000022899b17cc0 Exception <a 'java/lang/NoSuchMethodError'{0x00000000c3d7e5e8}: 'java.lang.Object java.lang.invoke.DirectMethodHandle$Holder.invokeSpecial(java.lang.Object, java.lang.Object, java.lang.Object, int, java.lang.Object)'> (0x00000000c3d7e5e8) 
thrown [s\open\src\hotspot\share\interpreter\linkResolver.cpp, line 773]
Event: 12.340 Thread 0x0000022899b17cc0 Exception <a 'java/lang/NoSuchMethodError'{0x00000000c3da2420}: 'int java.lang.invoke.DirectMethodHandle$Holder.invokeSpecial(java.lang.Object, java.lang.Object, int)'> (0x00000000c3da2420) 
thrown [s\open\src\hotspot\share\interpreter\linkResolver.cpp, line 773]
Event: 12.342 Thread 0x0000022899b17cc0 Exception <a 'java/lang/NoSuchMethodError'{0x00000000c3daa038}: 'int java.lang.invoke.Invokers$Holder.linkToTargetMethod(java.lang.Object, int, java.lang.Object)'> (0x00000000c3daa038) 
thrown [s\open\src\hotspot\share\interpreter\linkResolver.cpp, line 773]
Event: 12.400 Thread 0x0000022836e9f370 Exception <a 'java/lang/ClassNotFoundException'{0x00000000c366ee68}: io/qameta/allure/csv/CsvExportBehaviorBeanInfo> (0x00000000c366ee68) 
thrown [s\open\src\hotspot\share\classfile\systemDictionary.cpp, line 313]
Event: 12.406 Thread 0x0000022836e9f370 Exception <a 'java/lang/ClassNotFoundException'{0x00000000c3670ed8}: io/qameta/allure/csv/CsvExportBehaviorCustomizer> (0x00000000c3670ed8) 
thrown [s\open\src\hotspot\share\classfile\systemDictionary.cpp, line 313]

ZGC Phase Switch (0 events):
No events

VM Operations (20 events):
Event: 9.087 Executing VM operation: HandshakeAllThreads (Deoptimize)
Event: 9.087 Executing VM operation: HandshakeAllThreads (Deoptimize) done
Event: 9.126 Executing VM operation: HandshakeAllThreads (Deoptimize)
Event: 9.126 Executing VM operation: HandshakeAllThreads (Deoptimize) done
Event: 9.209 Executing VM operation: HandshakeAllThreads (Deoptimize)
Event: 9.209 Executing VM operation: HandshakeAllThreads (Deoptimize) done
Event: 9.317 Executing VM operation: HandshakeAllThreads (Deoptimize)
Event: 9.317 Executing VM operation: HandshakeAllThreads (Deoptimize) done
Event: 9.370 Executing VM operation: HandshakeAllThreads (Deoptimize)
Event: 9.370 Executing VM operation: HandshakeAllThreads (Deoptimize) done
Event: 9.372 Executing VM operation: HandshakeAllThreads (Deoptimize)
Event: 9.372 Executing VM operation: HandshakeAllThreads (Deoptimize) done
Event: 10.387 Executing VM operation: Cleanup
Event: 10.387 Executing VM operation: Cleanup done
Event: 10.996 Executing VM operation: HandshakeAllThreads (Deoptimize)
Event: 10.996 Executing VM operation: HandshakeAllThreads (Deoptimize) done
Event: 12.009 Executing VM operation: Cleanup
Event: 12.009 Executing VM operation: Cleanup done
Event: 12.315 Executing VM operation: HandshakeAllThreads (Deoptimize)
Event: 12.315 Executing VM operation: HandshakeAllThreads (Deoptimize) done

Events (20 events):
Event: 8.357 Thread 0x0000022899df1e40 Thread added: 0x0000022899df1e40
Event: 8.357 Thread 0x0000022899df24d0 Thread added: 0x0000022899df24d0
Event: 8.357 Thread 0x0000022899df45a0 Thread added: 0x0000022899df45a0
Event: 8.357 Thread 0x0000022899df31f0 Thread added: 0x0000022899df31f0
Event: 8.357 Thread 0x0000022899df2b60 Thread added: 0x0000022899df2b60
Event: 8.368 Thread 0x0000022899df45a0 Thread exited: 0x0000022899df45a0
Event: 8.368 Thread 0x0000022899df24d0 Thread exited: 0x0000022899df24d0
Event: 8.375 Thread 0x0000022899df31f0 Thread exited: 0x0000022899df31f0
Event: 8.375 Thread 0x0000022899df1e40 Thread exited: 0x0000022899df1e40
Event: 8.377 Thread 0x0000022899df2b60 Thread exited: 0x0000022899df2b60
Event: 12.440 Thread 0x0000022899df24d0 Thread added: 0x0000022899df24d0
Event: 12.441 Thread 0x0000022899df31f0 Thread added: 0x0000022899df31f0
Event: 12.443 Thread 0x0000022899df1e40 Thread added: 0x0000022899df1e40
Event: 12.443 Thread 0x0000022899df2b60 Thread added: 0x0000022899df2b60
Event: 12.444 Thread 0x0000022899df52c0 Thread added: 0x0000022899df52c0
Event: 12.690 Thread 0x0000022899df24d0 Thread exited: 0x0000022899df24d0
Event: 12.703 Thread 0x0000022899df1e40 Thread exited: 0x0000022899df1e40
Event: 12.708 Thread 0x0000022899df31f0 Thread exited: 0x0000022899df31f0
Event: 12.710 Thread 0x0000022899df2b60 Thread exited: 0x0000022899df2b60
Event: 12.715 Thread 0x0000022899df52c0 Thread exited: 0x0000022899df52c0


Dynamic libraries:
0x00007ff692470000 - 0x00007ff692480000 	C:\Program Files\Java\jdk-21.0.11\bin\java.exe
0x00007ffbdd590000 - 0x00007ffbdd788000 	C:\Windows\SYSTEM32\ntdll.dll
0x00007ffbdc720000 - 0x00007ffbdc7e2000 	C:\Windows\System32\KERNEL32.DLL
0x00007ffbdb130000 - 0x00007ffbdb426000 	C:\Windows\System32\KERNELBASE.dll
0x00007ffbdb430000 - 0x00007ffbdb530000 	C:\Windows\System32\ucrtbase.dll
0x00007ffbcaf50000 - 0x00007ffbcaf69000 	C:\Program Files\Java\jdk-21.0.11\bin\jli.dll
0x00007ffbc7f80000 - 0x00007ffbc7f9e000 	C:\Program Files\Java\jdk-21.0.11\bin\VCRUNTIME140.dll
0x00007ffbdb9b0000 - 0x00007ffbdba61000 	C:\Windows\System32\ADVAPI32.dll
0x00007ffbdb740000 - 0x00007ffbdb7de000 	C:\Windows\System32\msvcrt.dll
0x00007ffbdba70000 - 0x00007ffbdbb0f000 	C:\Windows\System32\sechost.dll
0x00007ffbdc910000 - 0x00007ffbdca30000 	C:\Windows\System32\RPCRT4.dll
0x00007ffbdae20000 - 0x00007ffbdae47000 	C:\Windows\System32\bcrypt.dll
0x00007ffbdc540000 - 0x00007ffbdc6e1000 	C:\Windows\System32\USER32.dll
0x00007ffbdadf0000 - 0x00007ffbdae12000 	C:\Windows\System32\win32u.dll
0x00007ffbd9fc0000 - 0x00007ffbda25b000 	C:\Windows\WinSxS\amd64_microsoft.windows.common-controls_6595b64144ccf1df_6.0.19041.6456_none_60b8a6cb71f64256\COMCTL32.dll
0x00007ffbdb840000 - 0x00007ffbdb86b000 	C:\Windows\System32\GDI32.dll
0x00007ffbdac20000 - 0x00007ffbdad39000 	C:\Windows\System32\gdi32full.dll
0x00007ffbdb090000 - 0x00007ffbdb12d000 	C:\Windows\System32\msvcp_win.dll
0x00007ffbcf040000 - 0x00007ffbcf04a000 	C:\Windows\SYSTEM32\VERSION.dll
0x00007ffbdc6f0000 - 0x00007ffbdc71f000 	C:\Windows\System32\IMM32.DLL
0x00007ffbd4e10000 - 0x00007ffbd4e1c000 	C:\Program Files\Java\jdk-21.0.11\bin\vcruntime140_1.dll
0x00007ffbc56c0000 - 0x00007ffbc574d000 	C:\Program Files\Java\jdk-21.0.11\bin\msvcp140.dll
0x00007ffb53cf0000 - 0x00007ffb54a18000 	C:\Program Files\Java\jdk-21.0.11\bin\server\jvm.dll
0x00007ffbdc150000 - 0x00007ffbdc1bb000 	C:\Windows\System32\WS2_32.dll
0x00007ffbda810000 - 0x00007ffbda85b000 	C:\Windows\SYSTEM32\POWRPROF.dll
0x00007ffbcb870000 - 0x00007ffbcb897000 	C:\Windows\SYSTEM32\WINMM.dll
0x00007ffbda260000 - 0x00007ffbda272000 	C:\Windows\SYSTEM32\UMPDC.dll
0x00007ffbd8d90000 - 0x00007ffbd8da2000 	C:\Windows\SYSTEM32\kernel.appcore.dll
0x00007ffbce6b0000 - 0x00007ffbce6ba000 	C:\Program Files\Java\jdk-21.0.11\bin\jimage.dll
0x00007ffbda600000 - 0x00007ffbda801000 	C:\Windows\SYSTEM32\DBGHELP.DLL
0x00007ffbda390000 - 0x00007ffbda3c4000 	C:\Windows\SYSTEM32\dbgcore.DLL
0x00007ffbdb000000 - 0x00007ffbdb082000 	C:\Windows\System32\bcryptPrimitives.dll
0x00007ffbc58e0000 - 0x00007ffbc5901000 	C:\Program Files\Java\jdk-21.0.11\bin\java.dll
0x00007ffbdcb00000 - 0x00007ffbdd270000 	C:\Windows\System32\SHELL32.dll
0x00007ffbd7f40000 - 0x00007ffbd86e5000 	C:\Windows\SYSTEM32\windows.storage.dll
0x00007ffbdc1e0000 - 0x00007ffbdc534000 	C:\Windows\System32\combase.dll
0x00007ffbd9f20000 - 0x00007ffbd9f4b000 	C:\Windows\SYSTEM32\Wldp.dll
0x00007ffbdb5b0000 - 0x00007ffbdb67d000 	C:\Windows\System32\OLEAUT32.dll
0x00007ffbdb690000 - 0x00007ffbdb73d000 	C:\Windows\System32\SHCORE.dll
0x00007ffbdb870000 - 0x00007ffbdb8cb000 	C:\Windows\System32\shlwapi.dll
0x00007ffbdab50000 - 0x00007ffbdab74000 	C:\Windows\SYSTEM32\profapi.dll
0x00007ffbc2610000 - 0x00007ffbc26e7000 	C:\Program Files\Java\jdk-21.0.11\bin\jsvml.dll
0x00007ffbc6910000 - 0x00007ffbc6921000 	C:\Program Files\Java\jdk-21.0.11\bin\net.dll
0x00007ffbd2ad0000 - 0x00007ffbd2bda000 	C:\Windows\SYSTEM32\WINHTTP.dll
0x00007ffbd9df0000 - 0x00007ffbd9e5a000 	C:\Windows\system32\mswsock.dll
0x00007ffbc58c0000 - 0x00007ffbc58d6000 	C:\Program Files\Java\jdk-21.0.11\bin\nio.dll
0x00007ffbc56a0000 - 0x00007ffbc56b8000 	C:\Program Files\Java\jdk-21.0.11\bin\zip.dll
0x00007ffbda990000 - 0x00007ffbda9a8000 	C:\Windows\SYSTEM32\CRYPTSP.dll
0x00007ffbd9600000 - 0x00007ffbd9638000 	C:\Windows\system32\rsaenh.dll
0x00007ffbdaad0000 - 0x00007ffbdaafe000 	C:\Windows\SYSTEM32\USERENV.dll
0x00007ffbd9ee0000 - 0x00007ffbd9eec000 	C:\Windows\SYSTEM32\CRYPTBASE.dll
0x00007ffbd9960000 - 0x00007ffbd999b000 	C:\Windows\SYSTEM32\IPHLPAPI.DLL
0x00007ffbdb680000 - 0x00007ffbdb688000 	C:\Windows\System32\NSI.dll
0x00007ffbcbe00000 - 0x00007ffbcbe10000 	C:\Program Files\Java\jdk-21.0.11\bin\verify.dll
0x00007ffbce990000 - 0x00007ffbce9a7000 	C:\Windows\system32\napinsp.dll
0x00007ffbcf070000 - 0x00007ffbcf08b000 	C:\Windows\system32\pnrpnsp.dll
0x00007ffbd6300000 - 0x00007ffbd631d000 	C:\Windows\system32\wshbth.dll
0x00007ffbd4cf0000 - 0x00007ffbd4d0d000 	C:\Windows\system32\NLAapi.dll
0x00007ffbd99a0000 - 0x00007ffbd9a6a000 	C:\Windows\SYSTEM32\DNSAPI.dll
0x00007ffbd1e20000 - 0x00007ffbd1e32000 	C:\Windows\System32\winrnr.dll
0x00007ffbc95c0000 - 0x00007ffbc95ca000 	C:\Windows\System32\rasadhlp.dll
0x00007ffbc96c0000 - 0x00007ffbc9740000 	C:\Windows\System32\fwpuclnt.dll
0x00007ffbc5660000 - 0x00007ffbc566e000 	C:\Program Files\Java\jdk-21.0.11\bin\sunmscapi.dll
0x00007ffbdae50000 - 0x00007ffbdafad000 	C:\Windows\System32\CRYPT32.dll
0x00007ffbd9f90000 - 0x00007ffbd9fb7000 	C:\Windows\SYSTEM32\ncrypt.dll
0x00007ffbd9f50000 - 0x00007ffbd9f8b000 	C:\Windows\SYSTEM32\NTASN1.dll
0x00007ffbd6f30000 - 0x00007ffbd6f39000 	C:\Program Files\Java\jdk-21.0.11\bin\extnet.dll

dbghelp: loaded successfully - version: 4.0.5 - missing functions: none
symbol engine: initialized successfully - sym options: 0x614 - pdb path: .;C:\Program Files\Java\jdk-21.0.11\bin;C:\Windows\SYSTEM32;C:\Windows\WinSxS\amd64_microsoft.windows.common-controls_6595b64144ccf1df_6.0.19041.6456_none_60b8a6cb71f64256;C:\Program Files\Java\jdk-21.0.11\bin\server

VM Arguments:
java_command: io.qameta.allure.CommandLine generate D:\anglar-20250129T152415Z-001\fremwork\test-output\allure-results -o D:\anglar-20250129T152415Z-001\fremwork\test-output\reports --clean --single-file
java_class_path (initial): C:\Users\pc\.m2\repository\allure\allure-2.24.0\lib\allure-commandline-2.24.0.jar;C:\Users\pc\.m2\repository\allure\allure-2.24.0\lib\allure-generator-2.24.0.jar;C:\Users\pc\.m2\repository\allure\allure-2.24.0\lib\allure-model-2.23.0.jar;C:\Users\pc\.m2\repository\allure\allure-2.24.0\lib\allure-plugin-api-2.24.0.jar;C:\Users\pc\.m2\repository\allure\allure-2.24.0\lib\allure1-model-1.0.jar;C:\Users\pc\.m2\repository\allure\allure-2.24.0\lib\annotations-15.0.jar;C:\Users\pc\.m2\repository\allure\allure-2.24.0\lib\commons-beanutils-1.9.4.jar;C:\Users\pc\.m2\repository\allure\allure-2.24.0\lib\commons-codec-1.11.jar;C:\Users\pc\.m2\repository\allure\allure-2.24.0\lib\commons-collections-3.2.2.jar;C:\Users\pc\.m2\repository\allure\allure-2.24.0\lib\commons-collections4-4.2.jar;C:\Users\pc\.m2\repository\allure\allure-2.24.0\lib\commons-io-2.13.0.jar;C:\Users\pc\.m2\repository\allure\allure-2.24.0\lib\commons-lang3-3.13.0.jar;C:\Users\pc\.m2\repository\allure\allure-2.24.0\lib\commons-logging-1.2.jar;C:\Users\pc\.m2\repository\allure\allure-2.24.0\lib\commons-text-1.3.jar;C:\Users\pc\.m2\repository\allure\allure-2.24.0\lib\flexmark-0.62.2.jar;C:\Users\pc\.m2\repository\allure\allure-2.24.0\lib\flexmark-ext-tables-0.62.2.jar;C:\Users\pc\.m2\repository\allure\allure-2.24.0\lib\flexmark-util-0.62.2.jar;C:\Users\pc\.m2\repository\allure\allure-2.24.0\lib\flexmark-util-ast-0.62.2.jar;C:\Users\pc\.m2\repository\allure\allure-2.24.0\lib\flexmark-util-builder-0.62.2.jar;C:\Users\pc\.m2\repository\allure\allure-2.24.0\lib\flexmark-util-collection-0.62.2.jar;C:\Users\pc\.m2\repository\allure\allure-2.24.0\lib\flexmark-util-data-0.62.2.jar;C:\Users\pc\.m2\repository\allure\allure-2.24.0\lib\flexmark-util-dependency-0.62.2.jar;C:\Users\pc\.m2\repository\allure\allure-2.24.0\lib\flexmark-util-format-0.62.2.jar;C:\Users\pc\.m2\repository\allure\allure-2.24.0\lib\flexmark-util-html-0.62.2.jar;C:\Users\pc\.m2\repository\allure\allure-2.24.0\lib\flexmark-util-misc-0.62.2.jar;C:\Users\pc\.m2\repository\allure\allure-2.24.0\lib\flexmark-util-options-0.62.2.jar;C:\Users\pc\.m2\repository\allure\allure-2.24.0\lib\flexmark-util-sequence-0.62.2.jar;C:\Users\pc\.m2\repository\allure\allure-2.24.0\lib\flexmark-util-visitor-0.62.2.jar;C:\Users\pc\.m2\repository\allure\allure-2.24.0\lib\freemarker-2.3.32.jar;C:\Users\pc\.m2\repository\allure\allure-2.24.0\lib\httpclient-4.5.14.jar;C:\Users\pc\.m2\repository\allure\allure-2.24.0\lib\httpcore-4.4.16.jar;C:\Users\pc\.m2\repository\allure\allure-2.24.0\lib\jackson-annotations-2.15.2.jar;C:\Users\pc\.m2\repository\allure\allure-2.24.0\lib\jackson-core-2.15.2.jar;C:\Users\pc\.m2\repository\allure\allure-2.24.0\lib\jackson-databind-2.15.2.jar;C:\Users\pc\.m2\repository\allure\allure-2.24.0\lib\jackson-dataformat-xml-2.15.2.jar;C:\Users\pc\.m2\repository\allure\allure-2.24.0\lib\jackson-dataformat-yaml-2.15.2.jar;C:\Users\pc\.m2\repository\allure\allure-2.24.0\lib\jackson-module-jaxb-annotations-2.15.2.jar;C:\Users\pc\.m2\repository\allure\allure-2.24.0\lib\jakarta.activation-api-1.2.2.jar;C:\Users\pc\.m2\repository\allure\allure-2.24.0\lib\jakarta.xml.bind-api-2.3.3.jar;C:\Users\pc\.m2\repository\allure\allure-2.24.0\lib\javax.activation-api-1.2.0.jar;C:\Users\pc\.m2\repository\allure\allure-2.24.0\lib\javax.servlet-api-3.1.0.jar;C:\Users\pc\.m2\repository\allure\allure-2.24.0\lib\jaxb-api-2.3.1.jar;C:\Users\pc\.m2\repository\allure\allure-2.24.0\lib\jaxb-utils-1.0.jar;C:\Users\pc\.m2\repository\allure\allure-2.24.0\lib\jcommander-1.82.jar;C:\Users\pc\.m2\repository\allure\allure-2.24.0\lib\jetty-http-9.4.51.v20230217.jar;C:\Users\pc\.m2\repository\allure\allure-2.24.0\lib\jetty-io-9.4.51.v20230217.jar;C:\Users\pc\.m2\repository\allure\allure-2.24.0\lib\jetty-server-9.4.51.v20230217.jar;C:\Users\pc\.m2\repository\allure\allure-2.24.0\lib\jetty-util-9.4.51.v20230217.jar;C:\Users\pc\.m2\repository\allure\allure-2.24.0\lib\logback-classic-1.3.8.jar;C:\Users\pc\.m2\repository\allure\allure-2.24.0\lib\logback-core-1.3.8.jar;C:\Users\pc\.m2\repository\allure\allure-2.24.0\lib\opencsv-4.6.jar;C:\Users\pc\.m2\repository\allure\allure-2.24.0\lib\properties-2.0.RC5.jar;C:\Users\pc\.m2\repository\allure\allure-2.24.0\lib\slf4j-api-2.0.7.jar;C:\Users\pc\.m2\repository\allure\allure-2.24.0\lib\snakeyaml-2.0.jar;C:\Users\pc\.m2\repository\allure\allure-2.24.0\lib\stax2-api-4.2.1.jar;C:\Users\pc\.m2\repository\allure\allure-2.24.0\lib\tika-core-2.8.0.jar;C:\Users\pc\.m2\repository\allure\allure-2.24.0\lib\woodstox-core-6.5.1.jar;C:\Users\pc\.m2\repository\allure\allure-2.24.0\lib\config
Launcher Type: SUN_STANDARD

[Global flags]
     intx CICompilerCount                          = 3                                         {product} {ergonomic}
     uint ConcGCThreads                            = 1                                         {product} {ergonomic}
     uint G1ConcRefinementThreads                  = 4                                         {product} {ergonomic}
   size_t G1HeapRegionSize                         = 1048576                                   {product} {ergonomic}
    uintx GCDrainStackTargetSize                   = 64                                        {product} {ergonomic}
   size_t InitialHeapSize                          = 67108864                                  {product} {ergonomic}
   size_t MarkStackSize                            = 4194304                                   {product} {ergonomic}
   size_t MaxHeapSize                              = 1048576000                                {product} {ergonomic}
   size_t MaxNewSize                               = 629145600                                 {product} {ergonomic}
   size_t MinHeapDeltaBytes                        = 1048576                                   {product} {ergonomic}
   size_t MinHeapSize                              = 8388608                                   {product} {ergonomic}
    uintx NonNMethodCodeHeapSize                   = 5832780                                {pd product} {ergonomic}
    uintx NonProfiledCodeHeapSize                  = 122912730                              {pd product} {ergonomic}
    uintx ProfiledCodeHeapSize                     = 122912730                              {pd product} {ergonomic}
    uintx ReservedCodeCacheSize                    = 251658240                              {pd product} {ergonomic}
     bool SegmentedCodeCache                       = true                                      {product} {ergonomic}
   size_t SoftMaxHeapSize                          = 1048576000                             {manageable} {ergonomic}
     bool UseCompressedOops                        = true                           {product lp64_product} {ergonomic}
     bool UseG1GC                                  = true                                      {product} {ergonomic}
     bool UseLargePagesIndividualAllocation        = false                                  {pd product} {ergonomic}

Logging:
Log output configuration:
 #0: stdout all=warning uptime,level,tags foldmultilines=false
 #1: stderr all=off uptime,level,tags foldmultilines=false

Environment Variables:
CLASSPATH=C:\Users\pc\.m2\repository\allure\allure-2.24.0\lib\*;C:\Users\pc\.m2\repository\allure\allure-2.24.0\lib\config
PATH=C:\Program Files\apache-maven-3.9.6\bin;C:\apache-maven-3.9.14\bin;C:\Program Files\Java\jdk-21.0.11\bin
USERNAME=pc
OS=Windows_NT
PROCESSOR_IDENTIFIER=Intel64 Family 6 Model 60 Stepping 3, GenuineIntel
TMP=C:\Users\pc\AppData\Local\Temp
TEMP=C:\Users\pc\AppData\Local\Temp




Periodic native trim disabled

---------------  S Y S T E M  ---------------

OS:
 Windows 10 , 64 bit Build 19041 (10.0.19041.5915)
OS uptime: 0 days 2:09 hours

CPU: total 4 (initial active 4) (2 cores per cpu, 2 threads per core) family 6 model 60 stepping 3 microcode 0x27, cx8, cmov, fxsr, ht, mmx, sse, sse2, sse3, ssse3, sse4.1, sse4.2, popcnt, lzcnt, tsc, tscinvbit, avx, avx2, aes, erms, clmul, bmi1, bmi2, fma, vzeroupper, clflush, rdtscp, f16c
Processor Information for all 4 processors :
  Max Mhz: 3001, Current Mhz: 3001, Mhz Limit: 3001

Memory: 4k page, system-wide physical 3993M (75M free)
TotalPageFile size 16281M (AvailPageFile size 5M)
current process WorkingSet (physical memory assigned to process): 149M, peak: 149M
current process commit charge ("private bytes"): 185M, peak: 186M

vm_info: Java HotSpot(TM) 64-Bit Server VM (21.0.11+9-LTS-211) for windows-amd64 JRE (21.0.11+9-LTS-211), built on 2026-03-11T00:23:15Z by "mach5run" with MS VC++ 17.13 (VS2022)

END.
