#
# There is insufficient memory for the Java Runtime Environment to continue.
# Native memory allocation (mmap) failed to map 65536 bytes for Failed to commit metaspace.
# Possible reasons:
#   The system is out of physical RAM or swap space
#   The process is running with CompressedOops enabled, and the Java Heap may be blocking the growth of the native heap
# Possible solutions:
#   Reduce memory load on the system
#   Increase physical memory or swap space
#   Check if swap backing store is full
#   Decrease Java heap size (-Xmx/-Xms)
#   Decrease number of Java threads
#   Decrease Java thread stack sizes (-Xss)
#   Set larger code cache with -XX:ReservedCodeCacheSize=
#   JVM is running with Unscaled Compressed Oops mode in which the Java heap is
#     placed in the first 4GB address space. The Java Heap base address is the
#     maximum limit for the native heap growth. Please use -XX:HeapBaseMinAddress
#     to set the Java Heap base and to place the Java Heap above 4GB virtual address.
# This output file may be truncated or incomplete.
#
#  Out of Memory Error (virtualSpaceNode.cpp:112), pid=19056, tid=28128
#
# JRE version: Java(TM) SE Runtime Environment (21.0.11+9) (build 21.0.11+9-LTS-211)
# Java VM: Java HotSpot(TM) 64-Bit Server VM (21.0.11+9-LTS-211, mixed mode, sharing, tiered, compressed oops, compressed class ptrs, g1 gc, windows-amd64)
# No core dump will be written. Minidumps are not enabled by default on client versions of Windows
#

---------------  S U M M A R Y ------------

Command Line: io.qameta.allure.CommandLine generate D:\anglar-20250129T152415Z-001\fremwork\test-output\allure-results -o D:\anglar-20250129T152415Z-001\fremwork\test-output\full-reports --clean

Host: Intel(R) Core(TM) i7-4610M CPU @ 3.00GHz, 4 cores, 3G,  Windows 10 , 64 bit Build 19041 (10.0.19041.5915)
Time: Tue Jun  9 03:31:52 2026 Pacific Daylight Time elapsed time: 5.419202 seconds (0d 0h 0m 5s)

---------------  T H R E A D  ---------------

Current thread (0x0000024921cbaf90):  JavaThread "main"             [_thread_in_vm, id=28128, stack(0x000000bfcee00000,0x000000bfcef00000) (1024K)]

Stack: [0x000000bfcee00000,0x000000bfcef00000]
Native frames: (J=compiled Java code, j=interpreted, Vv=VM code, C=native code)
V  [jvm.dll+0x6d0ef9]
V  [jvm.dll+0x860126]
V  [jvm.dll+0x86261e]
V  [jvm.dll+0x862cf3]
V  [jvm.dll+0x282bc6]
V  [jvm.dll+0x85beae]
V  [jvm.dll+0x674de4]
V  [jvm.dll+0x674e4a]
V  [jvm.dll+0x67767b]
V  [jvm.dll+0x677542]
V  [jvm.dll+0x6757be]
V  [jvm.dll+0x26e4f4]
V  [jvm.dll+0x2197db]
V  [jvm.dll+0x20edae]
V  [jvm.dll+0x5b2c4f]
V  [jvm.dll+0x2209de]
V  [jvm.dll+0x7d974d]
V  [jvm.dll+0x7da77b]
V  [jvm.dll+0x7dad44]
V  [jvm.dll+0x7da9d8]
V  [jvm.dll+0x270b4d]
V  [jvm.dll+0x3d9bfe]
C  0x00000249338ba954

The last pc belongs to new (printed below).
Java frames: (J=compiled Java code, j=interpreted, Vv=VM code)
j  java.util.concurrent.CompletableFuture.timedGet(J)Ljava/lang/Object;+75 java.base@21.0.11
j  java.util.concurrent.CompletableFuture.get(JLjava/util/concurrent/TimeUnit;)Ljava/lang/Object;+20 java.base@21.0.11
j  io.qameta.allure.ga.GaPlugin.aggregate(Lio/qameta/allure/core/Configuration;Ljava/util/List;Lio/qameta/allure/ReportStorage;)V+146
j  io.qameta.allure.ReportGenerator.aggregate(Ljava/util/List;Lio/qameta/allure/ReportStorage;)V+51
j  io.qameta.allure.ReportGenerator.generate(Lio/qameta/allure/ReportStorage;Ljava/nio/file/Path;Ljava/util/List;)V+45
j  io.qameta.allure.ReportGenerator.generate(Ljava/nio/file/Path;Ljava/util/List;)V+11
j  io.qameta.allure.Commands.generate(Ljava/nio/file/Path;Ljava/util/List;ZZLio/qameta/allure/option/ConfigOptions;)Lio/qameta/allure/ExitCode;+99
j  io.qameta.allure.CommandLine.run()Lio/qameta/allure/ExitCode;+322
j  io.qameta.allure.CommandLine$$Lambda+0x0000024940093738.get()Ljava/lang/Object;+4
j  java.util.Optional.orElseGet(Ljava/util/function/Supplier;)Ljava/lang/Object;+15 java.base@21.0.11
j  io.qameta.allure.CommandLine.main([Ljava/lang/String;)V+70
v  ~StubRoutines::call_stub 0x00000249338a100d
new  187 new  [0x00000249338ba7c0, 0x00000249338ba9c8]  520 bytes
[MachCode]
  0x00000249338ba7c0: 4883 ec08 | c5fa 1104 | 24eb 1f48 | 83ec 10c5 | fb11 0424 | eb14 4883 | ec10 4889 | 0424 48c7 
  0x00000249338ba7e0: 4424 0800 | 0000 00eb | 0150 410f | b755 010f | cac1 ea10 | 488b 4de8 | 488b 4908 | 488b 4908 
  0x00000249338ba800: 488b 4108 | 807c 1004 | 070f 85d3 | 0000 0066 | 8b54 d148 | 488b 4928 | 488b 4cd1 | 0851 80b9 
  0x00000249338ba820: 2101 0000 | 040f 85b6 | 0000 008b | 5108 f6c2 | 010f 85aa | 0000 0049 | 8b87 b801 | 0000 488d 
  0x00000249338ba840: 1c10 493b | 9fc8 0100 | 000f 8792 | 0000 0049 | 899f b801 | 0000 4883 | ea10 0f84 | 0f00 0000 
  0x00000249338ba860: 33c9 c1ea | 0348 894c | d008 48ff | ca75 f648 | c700 0100 | 0000 5933 | f689 700c | 49ba 0000 
  0x00000249338ba880: 003f 4902 | 0000 492b | ca89 4808 | 49ba e428 | 9254 fb7f | 0000 4180 | 3a00 0f84 | 3c00 0000 
  0x00000249338ba8a0: 5048 8bc8 | 4883 ec20 | 40f6 c40f | 0f84 1900 | 0000 4883 | ec08 48b8 | f07c 4254 | fb7f 0000 
  0x00000249338ba8c0: ffd0 4883 | c408 e90c | 0000 0048 | b8f0 7c42 | 54fb 7f00 | 00ff d048 | 83c4 2058 | e9cb 0000 
  0x00000249338ba8e0: 0059 488b | 55e8 488b | 5208 488b | 5208 450f | b745 0141 | 0fc8 41c1 | e810 e805 | 0000 00e9 
  0x00000249338ba900: a800 0000 | 488d 4424 | 084c 896d | c049 8bcf | c5f8 7749 | 89af b003 | 0000 4989 | 87a0 0300 
  0x00000249338ba920: 0048 83ec | 2040 f6c4 | 0f0f 8419 | 0000 0048 | 83ec 0848 | b8b0 9b0c | 54fb 7f00 | 00ff d048 
  0x00000249338ba940: 83c4 08e9 | 0c00 0000 | 48b8 b09b | 0c54 fb7f | 0000 ffd0 | 4883 c420 | 49c7 87a0 | 0300 0000 
  0x00000249338ba960: 0000 0049 | c787 b003 | 0000 0000 | 0000 49c7 | 87a8 0300 | 0000 0000 | 00c5 f877 | 4983 7f08 
  0x00000249338ba980: 000f 8405 | 0000 00e9 | 7465 feff | 498b 87f8 | 0300 0049 | c787 f803 | 0000 0000 | 0000 4c8b 
  0x00000249338ba9a0: 6dc0 4c8b | 75c8 4e8d | 74f5 00c3 | 410f b65d | 0349 83c5 | 0349 baa0 | ec94 54fb | 7f00 0041 
  0x00000249338ba9c0: ff24 da0f | 1f44 0000 
[/MachCode]

---------------  P R O C E S S  ---------------

Threads class SMR info:
_java_thread_list=0x0000024984a9c2c0, length=14, elements={
0x0000024921cbaf90, 0x000002493eb624a0, 0x000002493eb63d20, 0x000002493eb66890,
0x000002493eb672f0, 0x000002493eb69d60, 0x000002493eb6a7c0, 0x000002493eb6b550,
0x000002493eb71780, 0x00000249840bdfa0, 0x00000249840c17f0, 0x00000249849f9e50,
0x0000024984ca7fb0, 0x0000024984861dc0
}

Java Threads: ( => current thread )
=>0x0000024921cbaf90 JavaThread "main"                              [_thread_in_vm, id=28128, stack(0x000000bfcee00000,0x000000bfcef00000) (1024K)]
  0x000002493eb624a0 JavaThread "Reference Handler"          daemon [_thread_blocked, id=36164, stack(0x000000bfcf600000,0x000000bfcf700000) (1024K)]
  0x000002493eb63d20 JavaThread "Finalizer"                  daemon [_thread_blocked, id=36784, stack(0x000000bfcf700000,0x000000bfcf800000) (1024K)]
  0x000002493eb66890 JavaThread "Signal Dispatcher"          daemon [_thread_blocked, id=23572, stack(0x000000bfcf800000,0x000000bfcf900000) (1024K)]
  0x000002493eb672f0 JavaThread "Attach Listener"            daemon [_thread_blocked, id=10508, stack(0x000000bfcf900000,0x000000bfcfa00000) (1024K)]
  0x000002493eb69d60 JavaThread "Service Thread"             daemon [_thread_blocked, id=8136, stack(0x000000bfcfa00000,0x000000bfcfb00000) (1024K)]
  0x000002493eb6a7c0 JavaThread "Monitor Deflation Thread"   daemon [_thread_blocked, id=36700, stack(0x000000bfcfb00000,0x000000bfcfc00000) (1024K)]
  0x000002493eb6b550 JavaThread "C2 CompilerThread0"         daemon [_thread_blocked, id=32908, stack(0x000000bfcfc00000,0x000000bfcfd00000) (1024K)]
  0x000002493eb71780 JavaThread "C1 CompilerThread0"         daemon [_thread_blocked, id=29948, stack(0x000000bfcfd00000,0x000000bfcfe00000) (1024K)]
  0x00000249840bdfa0 JavaThread "Notification Thread"        daemon [_thread_blocked, id=25868, stack(0x000000bfcfe00000,0x000000bfcff00000) (1024K)]
  0x00000249840c17f0 JavaThread "Common-Cleaner"             daemon [_thread_blocked, id=28828, stack(0x000000bfcff00000,0x000000bfd0000000) (1024K)]
  0x00000249849f9e50 JavaThread "ForkJoinPool.commonPool-worker-1" daemon [_thread_blocked, id=8044, stack(0x000000bfd0300000,0x000000bfd0400000) (1024K)]
  0x0000024984ca7fb0 JavaThread "ForkJoinPool.commonPool-worker-2" daemon [_thread_in_vm, id=35436, stack(0x000000bfd0400000,0x000000bfd0500000) (1024K)]
  0x0000024984861dc0 JavaThread "ForkJoinPool.commonPool-worker-3" daemon [_thread_blocked, id=28960, stack(0x000000bfd0500000,0x000000bfd0600000) (1024K)]
Total: 14

Other Threads:
  0x0000024923f69df0 VMThread "VM Thread"                           [id=32896, stack(0x000000bfcf500000,0x000000bfcf600000) (1024K)] _threads_hazard_ptr=0x0000024984a9c2c0
  0x000002493eb5aa00 WatcherThread "VM Periodic Task Thread"        [id=33344, stack(0x000000bfcf400000,0x000000bfcf500000) (1024K)]
  0x0000024923ee1720 WorkerThread "GC Thread#0"                     [id=23692, stack(0x000000bfcef00000,0x000000bfcf000000) (1024K)]
  0x0000024984588cd0 WorkerThread "GC Thread#1"                     [id=23796, stack(0x000000bfd0000000,0x000000bfd0100000) (1024K)]
  0x0000024984589a30 WorkerThread "GC Thread#2"                     [id=25420, stack(0x000000bfd0100000,0x000000bfd0200000) (1024K)]
  0x00000249845b38f0 WorkerThread "GC Thread#3"                     [id=14492, stack(0x000000bfd0200000,0x000000bfd0300000) (1024K)]
  0x0000024923eeadd0 ConcurrentGCThread "G1 Main Marker"            [id=25536, stack(0x000000bfcf000000,0x000000bfcf100000) (1024K)]
  0x0000024923eec080 WorkerThread "G1 Conc#0"                       [id=31720, stack(0x000000bfcf100000,0x000000bfcf200000) (1024K)]
  0x0000024923f4ac10 ConcurrentGCThread "G1 Refine#0"               [id=36832, stack(0x000000bfcf200000,0x000000bfcf300000) (1024K)]
  0x0000024923f4b630 ConcurrentGCThread "G1 Service"                [id=34112, stack(0x000000bfcf300000,0x000000bfcf400000) (1024K)]
Total: 10

Threads with active compile tasks:
Total: 0

VM state: synchronizing (normal execution)

VM Mutex/Monitor currently owned by a thread:  ([mutex/lock_event])
[0x00007ffb54938f50] Metaspace_lock - owner thread: 0x0000024921cbaf90
[0x00007ffb5493af50] Threads_lock - owner thread: 0x0000024923f69df0

Heap address: 0x00000000c1800000, size: 1000 MB, Compressed Oops mode: 32-bit

CDS archive(s) mapped at: [0x000002493f000000-0x000002493fc90000-0x000002493fc90000), size 13172736, SharedBaseAddress: 0x000002493f000000, ArchiveRelocationMode: 1.
Compressed class space mapped at: 0x0000024940000000-0x0000024980000000, reserved size: 1073741824
Narrow klass base: 0x000002493f000000, Narrow klass shift: 0, Narrow klass range: 0x100000000

GC Precious Log:
 CardTable entry size: 512
 Card Set container configuration: InlinePtr #cards 5 size 8 Array Of Cards #cards 12 size 40 Howl #buckets 4 coarsen threshold 1843 Howl Bitmap #cards 512 size 80 coarsen threshold 460 Card regions per heap region 1 cards per card region 2048
 CPUs: 4 total, 4 available
 Memory: 3993M
 Large Page Support: Disabled
 NUMA Support: Disabled
 Compressed Oops: Enabled (32-bit)
 Heap Region Size: 1M
 Heap Min Capacity: 8M
 Heap Initial Capacity: 64M
 Heap Max Capacity: 1000M
 Pre-touch: Disabled
 Parallel Workers: 4
 Concurrent Workers: 1
 Concurrent Refinement Workers: 4
 Periodic GC: Disabled

Heap:
 garbage-first heap   total 65536K, used 26901K [0x00000000c1800000, 0x0000000100000000)
  region size 1024K, 24 young (24576K), 5 survivors (5120K)
 Metaspace       used 20064K, committed 20352K, reserved 1114112K
  class space    used 2290K, committed 2432K, reserved 1048576K

Heap Regions: E=young(eden), S=young(survivor), O=old, HS=humongous(starts), HC=humongous(continues), CS=collection set, F=free, TAMS=top-at-mark-start, PB=parsable bottom
|   0|0x00000000c1800000, 0x00000000c1900000, 0x00000000c1900000|100%| O|  |TAMS 0x00000000c1800000| PB 0x00000000c1800000| Untracked 
|   1|0x00000000c1900000, 0x00000000c1a00000, 0x00000000c1a00000|100%| O|  |TAMS 0x00000000c1900000| PB 0x00000000c1900000| Untracked 
|   2|0x00000000c1a00000, 0x00000000c1b00000, 0x00000000c1b00000|100%| O|  |TAMS 0x00000000c1a00000| PB 0x00000000c1a00000| Untracked 
|   3|0x00000000c1b00000, 0x00000000c1b77528, 0x00000000c1c00000| 46%| O|  |TAMS 0x00000000c1b00000| PB 0x00000000c1b00000| Untracked 
|   4|0x00000000c1c00000, 0x00000000c1c00000, 0x00000000c1d00000|  0%| F|  |TAMS 0x00000000c1c00000| PB 0x00000000c1c00000| Untracked 
|   5|0x00000000c1d00000, 0x00000000c1d00000, 0x00000000c1e00000|  0%| F|  |TAMS 0x00000000c1d00000| PB 0x00000000c1d00000| Untracked 
|   6|0x00000000c1e00000, 0x00000000c1e00000, 0x00000000c1f00000|  0%| F|  |TAMS 0x00000000c1e00000| PB 0x00000000c1e00000| Untracked 
|   7|0x00000000c1f00000, 0x00000000c1f00000, 0x00000000c2000000|  0%| F|  |TAMS 0x00000000c1f00000| PB 0x00000000c1f00000| Untracked 
|   8|0x00000000c2000000, 0x00000000c2000000, 0x00000000c2100000|  0%| F|  |TAMS 0x00000000c2000000| PB 0x00000000c2000000| Untracked 
|   9|0x00000000c2100000, 0x00000000c2100000, 0x00000000c2200000|  0%| F|  |TAMS 0x00000000c2100000| PB 0x00000000c2100000| Untracked 
|  10|0x00000000c2200000, 0x00000000c2200000, 0x00000000c2300000|  0%| F|  |TAMS 0x00000000c2200000| PB 0x00000000c2200000| Untracked 
|  11|0x00000000c2300000, 0x00000000c2300000, 0x00000000c2400000|  0%| F|  |TAMS 0x00000000c2300000| PB 0x00000000c2300000| Untracked 
|  12|0x00000000c2400000, 0x00000000c2400000, 0x00000000c2500000|  0%| F|  |TAMS 0x00000000c2400000| PB 0x00000000c2400000| Untracked 
|  13|0x00000000c2500000, 0x00000000c2500000, 0x00000000c2600000|  0%| F|  |TAMS 0x00000000c2500000| PB 0x00000000c2500000| Untracked 
|  14|0x00000000c2600000, 0x00000000c2600000, 0x00000000c2700000|  0%| F|  |TAMS 0x00000000c2600000| PB 0x00000000c2600000| Untracked 
|  15|0x00000000c2700000, 0x00000000c2700000, 0x00000000c2800000|  0%| F|  |TAMS 0x00000000c2700000| PB 0x00000000c2700000| Untracked 
|  16|0x00000000c2800000, 0x00000000c2800000, 0x00000000c2900000|  0%| F|  |TAMS 0x00000000c2800000| PB 0x00000000c2800000| Untracked 
|  17|0x00000000c2900000, 0x00000000c2900000, 0x00000000c2a00000|  0%| F|  |TAMS 0x00000000c2900000| PB 0x00000000c2900000| Untracked 
|  18|0x00000000c2a00000, 0x00000000c2a00000, 0x00000000c2b00000|  0%| F|  |TAMS 0x00000000c2a00000| PB 0x00000000c2a00000| Untracked 
|  19|0x00000000c2b00000, 0x00000000c2b00000, 0x00000000c2c00000|  0%| F|  |TAMS 0x00000000c2b00000| PB 0x00000000c2b00000| Untracked 
|  20|0x00000000c2c00000, 0x00000000c2c00000, 0x00000000c2d00000|  0%| F|  |TAMS 0x00000000c2c00000| PB 0x00000000c2c00000| Untracked 
|  21|0x00000000c2d00000, 0x00000000c2dce250, 0x00000000c2e00000| 80%| S|CS|TAMS 0x00000000c2d00000| PB 0x00000000c2d00000| Complete 
|  22|0x00000000c2e00000, 0x00000000c2f00000, 0x00000000c2f00000|100%| S|CS|TAMS 0x00000000c2e00000| PB 0x00000000c2e00000| Complete 
|  23|0x00000000c2f00000, 0x00000000c3000000, 0x00000000c3000000|100%| S|CS|TAMS 0x00000000c2f00000| PB 0x00000000c2f00000| Complete 
|  24|0x00000000c3000000, 0x00000000c3100000, 0x00000000c3100000|100%| S|CS|TAMS 0x00000000c3000000| PB 0x00000000c3000000| Complete 
|  25|0x00000000c3100000, 0x00000000c3200000, 0x00000000c3200000|100%| S|CS|TAMS 0x00000000c3100000| PB 0x00000000c3100000| Complete 
|  26|0x00000000c3200000, 0x00000000c3200000, 0x00000000c3300000|  0%| F|  |TAMS 0x00000000c3200000| PB 0x00000000c3200000| Untracked 
|  27|0x00000000c3300000, 0x00000000c3300000, 0x00000000c3400000|  0%| F|  |TAMS 0x00000000c3300000| PB 0x00000000c3300000| Untracked 
|  28|0x00000000c3400000, 0x00000000c3400000, 0x00000000c3500000|  0%| F|  |TAMS 0x00000000c3400000| PB 0x00000000c3400000| Untracked 
|  29|0x00000000c3500000, 0x00000000c3500000, 0x00000000c3600000|  0%| F|  |TAMS 0x00000000c3500000| PB 0x00000000c3500000| Untracked 
|  30|0x00000000c3600000, 0x00000000c3600000, 0x00000000c3700000|  0%| F|  |TAMS 0x00000000c3600000| PB 0x00000000c3600000| Untracked 
|  31|0x00000000c3700000, 0x00000000c3700000, 0x00000000c3800000|  0%| F|  |TAMS 0x00000000c3700000| PB 0x00000000c3700000| Untracked 
|  32|0x00000000c3800000, 0x00000000c3800000, 0x00000000c3900000|  0%| F|  |TAMS 0x00000000c3800000| PB 0x00000000c3800000| Untracked 
|  33|0x00000000c3900000, 0x00000000c3900000, 0x00000000c3a00000|  0%| F|  |TAMS 0x00000000c3900000| PB 0x00000000c3900000| Untracked 
|  34|0x00000000c3a00000, 0x00000000c3a00000, 0x00000000c3b00000|  0%| F|  |TAMS 0x00000000c3a00000| PB 0x00000000c3a00000| Untracked 
|  35|0x00000000c3b00000, 0x00000000c3b00000, 0x00000000c3c00000|  0%| F|  |TAMS 0x00000000c3b00000| PB 0x00000000c3b00000| Untracked 
|  36|0x00000000c3c00000, 0x00000000c3c00000, 0x00000000c3d00000|  0%| F|  |TAMS 0x00000000c3c00000| PB 0x00000000c3c00000| Untracked 
|  37|0x00000000c3d00000, 0x00000000c3d00000, 0x00000000c3e00000|  0%| F|  |TAMS 0x00000000c3d00000| PB 0x00000000c3d00000| Untracked 
|  38|0x00000000c3e00000, 0x00000000c3e00000, 0x00000000c3f00000|  0%| F|  |TAMS 0x00000000c3e00000| PB 0x00000000c3e00000| Untracked 
|  39|0x00000000c3f00000, 0x00000000c3f00000, 0x00000000c4000000|  0%| F|  |TAMS 0x00000000c3f00000| PB 0x00000000c3f00000| Untracked 
|  40|0x00000000c4000000, 0x00000000c4000000, 0x00000000c4100000|  0%| F|  |TAMS 0x00000000c4000000| PB 0x00000000c4000000| Untracked 
|  41|0x00000000c4100000, 0x00000000c4100000, 0x00000000c4200000|  0%| F|  |TAMS 0x00000000c4100000| PB 0x00000000c4100000| Untracked 
|  42|0x00000000c4200000, 0x00000000c4200000, 0x00000000c4300000|  0%| F|  |TAMS 0x00000000c4200000| PB 0x00000000c4200000| Untracked 
|  43|0x00000000c4300000, 0x00000000c4300000, 0x00000000c4400000|  0%| F|  |TAMS 0x00000000c4300000| PB 0x00000000c4300000| Untracked 
|  44|0x00000000c4400000, 0x00000000c4400000, 0x00000000c4500000|  0%| F|  |TAMS 0x00000000c4400000| PB 0x00000000c4400000| Untracked 
|  45|0x00000000c4500000, 0x00000000c4580000, 0x00000000c4600000| 50%| E|  |TAMS 0x00000000c4500000| PB 0x00000000c4500000| Complete 
|  46|0x00000000c4600000, 0x00000000c4700000, 0x00000000c4700000|100%| E|CS|TAMS 0x00000000c4600000| PB 0x00000000c4600000| Complete 
|  47|0x00000000c4700000, 0x00000000c4800000, 0x00000000c4800000|100%| E|CS|TAMS 0x00000000c4700000| PB 0x00000000c4700000| Complete 
|  48|0x00000000c4800000, 0x00000000c4900000, 0x00000000c4900000|100%| E|CS|TAMS 0x00000000c4800000| PB 0x00000000c4800000| Complete 
|  49|0x00000000c4900000, 0x00000000c4a00000, 0x00000000c4a00000|100%| E|CS|TAMS 0x00000000c4900000| PB 0x00000000c4900000| Complete 
|  50|0x00000000c4a00000, 0x00000000c4b00000, 0x00000000c4b00000|100%| E|CS|TAMS 0x00000000c4a00000| PB 0x00000000c4a00000| Complete 
|  51|0x00000000c4b00000, 0x00000000c4c00000, 0x00000000c4c00000|100%| E|CS|TAMS 0x00000000c4b00000| PB 0x00000000c4b00000| Complete 
|  52|0x00000000c4c00000, 0x00000000c4d00000, 0x00000000c4d00000|100%| E|CS|TAMS 0x00000000c4c00000| PB 0x00000000c4c00000| Complete 
|  53|0x00000000c4d00000, 0x00000000c4e00000, 0x00000000c4e00000|100%| E|CS|TAMS 0x00000000c4d00000| PB 0x00000000c4d00000| Complete 
|  54|0x00000000c4e00000, 0x00000000c4f00000, 0x00000000c4f00000|100%| E|CS|TAMS 0x00000000c4e00000| PB 0x00000000c4e00000| Complete 
|  55|0x00000000c4f00000, 0x00000000c5000000, 0x00000000c5000000|100%| E|CS|TAMS 0x00000000c4f00000| PB 0x00000000c4f00000| Complete 
|  56|0x00000000c5000000, 0x00000000c5100000, 0x00000000c5100000|100%| E|CS|TAMS 0x00000000c5000000| PB 0x00000000c5000000| Complete 
|  57|0x00000000c5100000, 0x00000000c5200000, 0x00000000c5200000|100%| E|CS|TAMS 0x00000000c5100000| PB 0x00000000c5100000| Complete 
|  58|0x00000000c5200000, 0x00000000c5300000, 0x00000000c5300000|100%| E|CS|TAMS 0x00000000c5200000| PB 0x00000000c5200000| Complete 
|  59|0x00000000c5300000, 0x00000000c5400000, 0x00000000c5400000|100%| E|CS|TAMS 0x00000000c5300000| PB 0x00000000c5300000| Complete 
|  60|0x00000000c5400000, 0x00000000c5500000, 0x00000000c5500000|100%| E|CS|TAMS 0x00000000c5400000| PB 0x00000000c5400000| Complete 
|  61|0x00000000c5500000, 0x00000000c5600000, 0x00000000c5600000|100%| E|CS|TAMS 0x00000000c5500000| PB 0x00000000c5500000| Complete 
|  62|0x00000000c5600000, 0x00000000c5700000, 0x00000000c5700000|100%| E|CS|TAMS 0x00000000c5600000| PB 0x00000000c5600000| Complete 
|  63|0x00000000c5700000, 0x00000000c5800000, 0x00000000c5800000|100%| E|CS|TAMS 0x00000000c5700000| PB 0x00000000c5700000| Complete 

Card table byte_map: [0x000002493b570000,0x000002493b770000] _byte_map_base: 0x000002493af64000

Marking Bits: (CMBitMap*) 0x0000024923ee1e30
 Bits: [0x000002493b770000, 0x000002493c710000)

Polling page: 0x0000024923680000

Metaspace:

Usage:
  Non-class:     17.36 MB used.
      Class:      2.24 MB used.
       Both:     19.59 MB used.

Virtual space:
  Non-class space:       64.00 MB reserved,      17.50 MB ( 27%) committed,  1 nodes.
      Class space:        1.00 GB reserved,       2.38 MB ( <1%) committed,  1 nodes.
             Both:        1.06 GB reserved,      19.88 MB (  2%) committed. 

Chunk freelists:
   Non-Class:  14.48 MB
       Class:  13.52 MB
        Both:  28.00 MB

MaxMetaspaceSize: unlimited
CompressedClassSpaceSize: 1.00 GB
Initial GC threshold: 21.00 MB
Current GC threshold: 21.00 MB
CDS: on
 - commit_granule_bytes: 65536.
 - commit_granule_words: 8192.
 - virtual_space_node_default_size: 8388608.
 - enlarge_chunks_in_place: 1.
 - use_allocation_guard: 0.


Internal statistics:

num_allocs_failed_limit: 0.
num_arena_births: 226.
num_arena_deaths: 0.
num_vsnodes_births: 2.
num_vsnodes_deaths: 0.
num_space_committed: 318.
num_space_uncommitted: 0.
num_chunks_returned_to_freelist: 0.
num_chunks_taken_from_freelist: 859.
num_chunk_merges: 0.
num_chunk_splits: 594.
num_chunks_enlarged: 447.
num_inconsistent_stats: 0.

CodeHeap 'non-profiled nmethods': size=120000Kb used=1199Kb max_used=1199Kb free=118800Kb
 bounds [0x0000024933e40000, 0x00000249340b0000, 0x000002493b370000]
CodeHeap 'profiled nmethods': size=120000Kb used=6420Kb max_used=6420Kb free=113579Kb
 bounds [0x000002492c370000, 0x000002492c9c0000, 0x00000249338a0000]
CodeHeap 'non-nmethods': size=5760Kb used=1468Kb max_used=1500Kb free=4291Kb
 bounds [0x00000249338a0000, 0x0000024933b10000, 0x0000024933e40000]
 total_blobs=3772 nmethods=3223 adapters=453
 compilation: enabled
              stopped_count=0, restarted_count=0
 full_count=0

Compilation events (20 events):
Event: 5.167 Thread 0x000002493eb71780 3214       3       java.lang.invoke.MethodHandle::bindArgumentL (10 bytes)
Event: 5.168 Thread 0x000002493eb71780 nmethod 3214 0x000002492c9b0a90 code [0x000002492c9b0ca0, 0x000002492c9b1328]
Event: 5.168 Thread 0x000002493eb6b550 3215       4       jdk.internal.org.objectweb.asm.MethodWriter::visitEnd (1 bytes)
Event: 5.168 Thread 0x000002493eb6b550 nmethod 3215 0x0000024933f6a910 code [0x0000024933f6aaa0, 0x0000024933f6ab28]
Event: 5.170 Thread 0x000002493eb71780 3216       3       sun.invoke.util.VerifyAccess::isModuleAccessible (97 bytes)
Event: 5.171 Thread 0x000002493eb71780 nmethod 3216 0x000002492c9b1590 code [0x000002492c9b1860, 0x000002492c9b2530]
Event: 5.191 Thread 0x000002493eb6b550 3218       4       io.qameta.allure.entity.Label::hashCode (58 bytes)
Event: 5.197 Thread 0x000002493eb6b550 nmethod 3218 0x0000024933f6af10 code [0x0000024933f6b0c0, 0x0000024933f6b310]
Event: 5.197 Thread 0x000002493eb6b550 3219       4       java.util.ArrayList::hashCode (22 bytes)
Event: 5.201 Thread 0x000002493eb6b550 nmethod 3219 0x0000024933f6b510 code [0x0000024933f6b6a0, 0x0000024933f6b8f8]
Event: 5.201 Thread 0x000002493eb6b550 3220       4       java.util.stream.ReferencePipeline$2$1::accept (27 bytes)
Event: 5.202 Thread 0x000002493eb71780 3221       3       io.qameta.allure.ga.GaPlugin$$Lambda/0x0000024940231670::test (12 bytes)
Event: 5.203 Thread 0x000002493eb6b550 nmethod 3220 0x0000024933f6bb10 code [0x0000024933f6bca0, 0x0000024933f6bda0]
Event: 5.203 Thread 0x000002493eb71780 nmethod 3221 0x000002492c9b2a10 code [0x000002492c9b2be0, 0x000002492c9b2ec8]
Event: 5.203 Thread 0x000002493eb71780 3222       3       io.qameta.allure.ga.GaPlugin::lambda$getLabelValuesAsString$5 (12 bytes)
Event: 5.203 Thread 0x000002493eb71780 nmethod 3222 0x000002492c9b3010 code [0x000002492c9b31c0, 0x000002492c9b3338]
Event: 5.203 Thread 0x000002493eb71780 3223   !   3       java.util.stream.ReferencePipeline$7$1::accept (127 bytes)
Event: 5.204 Thread 0x000002493eb71780 nmethod 3223 0x000002492c9b3490 code [0x000002492c9b3720, 0x000002492c9b4690]
Event: 5.204 Thread 0x000002493eb71780 3224       3       java.util.stream.AbstractPipeline::sequential (10 bytes)
Event: 5.204 Thread 0x000002493eb71780 nmethod 3224 0x000002492c9b4d10 code [0x000002492c9b4ea0, 0x000002492c9b4fb8]

GC Heap History (6 events):
Event: 1.242 GC heap before
{Heap before GC invocations=0 (full 0):
 garbage-first heap   total 65536K, used 13312K [0x00000000c1800000, 0x0000000100000000)
  region size 1024K, 13 young (13312K), 0 survivors (0K)
 Metaspace       used 5133K, committed 5248K, reserved 1114112K
  class space    used 634K, committed 704K, reserved 1048576K
}
Event: 1.249 GC heap after
{Heap after GC invocations=1 (full 0):
 garbage-first heap   total 65536K, used 3555K [0x00000000c1800000, 0x0000000100000000)
  region size 1024K, 2 young (2048K), 2 survivors (2048K)
 Metaspace       used 5133K, committed 5248K, reserved 1114112K
  class space    used 634K, committed 704K, reserved 1048576K
}
Event: 1.917 GC heap before
{Heap before GC invocations=1 (full 0):
 garbage-first heap   total 65536K, used 19939K [0x00000000c1800000, 0x0000000100000000)
  region size 1024K, 18 young (18432K), 2 survivors (2048K)
 Metaspace       used 9982K, committed 10176K, reserved 1114112K
  class space    used 1158K, committed 1280K, reserved 1048576K
}
Event: 1.924 GC heap after
{Heap after GC invocations=2 (full 0):
 garbage-first heap   total 65536K, used 5055K [0x00000000c1800000, 0x0000000100000000)
  region size 1024K, 2 young (2048K), 2 survivors (2048K)
 Metaspace       used 9982K, committed 10176K, reserved 1114112K
  class space    used 1158K, committed 1280K, reserved 1048576K
}
Event: 3.795 GC heap before
{Heap before GC invocations=2 (full 0):
 garbage-first heap   total 65536K, used 40895K [0x00000000c1800000, 0x0000000100000000)
  region size 1024K, 38 young (38912K), 2 survivors (2048K)
 Metaspace       used 15870K, committed 16128K, reserved 1114112K
  class space    used 1795K, committed 1920K, reserved 1048576K
}
Event: 3.810 GC heap after
{Heap after GC invocations=3 (full 0):
 garbage-first heap   total 65536K, used 8469K [0x00000000c1800000, 0x0000000100000000)
  region size 1024K, 5 young (5120K), 5 survivors (5120K)
 Metaspace       used 15870K, committed 16128K, reserved 1114112K
  class space    used 1795K, committed 1920K, reserved 1048576K
}

Dll operation events (7 events):
Event: 0.012 Loaded shared library C:\Program Files\Java\jdk-21.0.11\bin\java.dll
Event: 0.060 Loaded shared library C:\Program Files\Java\jdk-21.0.11\bin\jsvml.dll
Event: 0.137 Loaded shared library C:\Program Files\Java\jdk-21.0.11\bin\net.dll
Event: 0.143 Loaded shared library C:\Program Files\Java\jdk-21.0.11\bin\nio.dll
Event: 0.153 Loaded shared library C:\Program Files\Java\jdk-21.0.11\bin\zip.dll
Event: 0.380 Loaded shared library C:\Program Files\Java\jdk-21.0.11\bin\jimage.dll
Event: 4.237 Loaded shared library C:\Program Files\Java\jdk-21.0.11\bin\verify.dll

Deoptimization events (20 events):
Event: 5.053 Thread 0x0000024921cbaf90 Uncommon trap: trap_request=0xffffff45 fr.pc=0x0000024933ecbf04 relative=0x0000000000000064
Event: 5.053 Thread 0x0000024921cbaf90 Uncommon trap: reason=unstable_if action=reinterpret pc=0x0000024933ecbf04 method=java.io.BufferedReader.ensureOpen()V @ 4 c2
Event: 5.053 Thread 0x0000024921cbaf90 DEOPT PACKING pc=0x0000024933ecbf04 sp=0x000000bfceefe430
Event: 5.053 Thread 0x0000024921cbaf90 DEOPT UNPACKING pc=0x00000249338f46a2 sp=0x000000bfceefe3c0 mode 2
Event: 5.057 Thread 0x0000024921cbaf90 Uncommon trap: trap_request=0xffffffde fr.pc=0x0000024933f66b4c relative=0x000000000000012c
Event: 5.057 Thread 0x0000024921cbaf90 Uncommon trap: reason=class_check action=maybe_recompile pc=0x0000024933f66b4c method=jdk.internal.misc.Unsafe.allocateUninitializedArray(Ljava/lang/Class;I)Ljava/lang/Object; @ 51 c2
Event: 5.057 Thread 0x0000024921cbaf90 DEOPT PACKING pc=0x0000024933f66b4c sp=0x000000bfceefdef0
Event: 5.057 Thread 0x0000024921cbaf90 DEOPT UNPACKING pc=0x00000249338f46a2 sp=0x000000bfceefde68 mode 2
Event: 5.058 Thread 0x0000024921cbaf90 Uncommon trap: trap_request=0xffffffde fr.pc=0x0000024933f66b4c relative=0x000000000000012c
Event: 5.058 Thread 0x0000024921cbaf90 Uncommon trap: reason=class_check action=maybe_recompile pc=0x0000024933f66b4c method=jdk.internal.misc.Unsafe.allocateUninitializedArray(Ljava/lang/Class;I)Ljava/lang/Object; @ 51 c2
Event: 5.058 Thread 0x0000024921cbaf90 DEOPT PACKING pc=0x0000024933f66b4c sp=0x000000bfceefdab0
Event: 5.058 Thread 0x0000024921cbaf90 DEOPT UNPACKING pc=0x00000249338f46a2 sp=0x000000bfceefda28 mode 2
Event: 5.058 Thread 0x0000024921cbaf90 Uncommon trap: trap_request=0xffffffde fr.pc=0x0000024933f66b4c relative=0x000000000000012c
Event: 5.058 Thread 0x0000024921cbaf90 Uncommon trap: reason=class_check action=maybe_recompile pc=0x0000024933f66b4c method=jdk.internal.misc.Unsafe.allocateUninitializedArray(Ljava/lang/Class;I)Ljava/lang/Object; @ 51 c2
Event: 5.058 Thread 0x0000024921cbaf90 DEOPT PACKING pc=0x0000024933f66b4c sp=0x000000bfceefe0f0
Event: 5.058 Thread 0x0000024921cbaf90 DEOPT UNPACKING pc=0x00000249338f46a2 sp=0x000000bfceefe068 mode 2
Event: 5.058 Thread 0x0000024921cbaf90 Uncommon trap: trap_request=0xffffffde fr.pc=0x0000024933f66b4c relative=0x000000000000012c
Event: 5.058 Thread 0x0000024921cbaf90 Uncommon trap: reason=class_check action=maybe_recompile pc=0x0000024933f66b4c method=jdk.internal.misc.Unsafe.allocateUninitializedArray(Ljava/lang/Class;I)Ljava/lang/Object; @ 51 c2
Event: 5.058 Thread 0x0000024921cbaf90 DEOPT PACKING pc=0x0000024933f66b4c sp=0x000000bfceefdcb0
Event: 5.058 Thread 0x0000024921cbaf90 DEOPT UNPACKING pc=0x00000249338f46a2 sp=0x000000bfceefdc28 mode 2

Classes loaded (20 events):
Event: 5.275 Loading class sun/net/InetAddressCachePolicy done
Event: 5.275 Loading class sun/net/InetAddressCachePolicy$1
Event: 5.275 Loading class sun/net/InetAddressCachePolicy$1 done
Event: 5.275 Loading class java/net/InetAddress$CachedLookup
Event: 5.276 Loading class java/net/InetAddress$CachedLookup done
Event: 5.276 Loading class java/net/InetAddress$CachedLocalHost
Event: 5.276 Loading class java/net/InetAddress$CachedLocalHost done
Event: 5.303 Loading class java/util/concurrent/CompletableFuture
Event: 5.314 Loading class java/util/concurrent/CompletionStage
Event: 5.332 Loading class java/util/concurrent/CompletionStage done
Event: 5.333 Loading class java/util/concurrent/CompletableFuture done
Event: 5.334 Loading class java/util/concurrent/CompletableFuture$AltResult
Event: 5.334 Loading class java/util/concurrent/CompletableFuture$AltResult done
Event: 5.334 Loading class java/util/concurrent/CompletableFuture$Completion
Event: 5.345 Loading class java/util/concurrent/CompletableFuture$AsynchronousCompletionTask
Event: 5.357 Loading class java/util/concurrent/CompletableFuture$AsynchronousCompletionTask done
Event: 5.357 Loading class java/util/concurrent/CompletableFuture$Completion done
Event: 5.357 Loading class java/util/concurrent/CompletableFuture$AsyncRun
Event: 5.376 Loading class java/util/concurrent/CompletableFuture$AsyncRun done
Event: 5.376 Loading class java/util/concurrent/CompletableFuture$Signaller

Classes unloaded (0 events):
No events

Classes redefined (0 events):
No events

Internal exceptions (20 events):
Event: 4.972 Thread 0x0000024984861dc0 Exception <a 'sun/nio/fs/WindowsException'{0x00000000c4802cb0}> (0x00000000c4802cb0) 
thrown [s\open\src\hotspot\share\prims\jni.cpp, line 520]
Event: 4.972 Thread 0x0000024984861dc0 Exception <a 'sun/nio/fs/WindowsException'{0x00000000c4803310}> (0x00000000c4803310) 
thrown [s\open\src\hotspot\share\prims\jni.cpp, line 520]
Event: 4.972 Thread 0x00000249849f9e50 Exception <a 'sun/nio/fs/WindowsException'{0x00000000c5663808}> (0x00000000c5663808) 
thrown [s\open\src\hotspot\share\prims\jni.cpp, line 520]
Event: 4.972 Thread 0x00000249849f9e50 Exception <a 'sun/nio/fs/WindowsException'{0x00000000c5663e68}> (0x00000000c5663e68) 
thrown [s\open\src\hotspot\share\prims\jni.cpp, line 520]
Event: 4.973 Thread 0x0000024984861dc0 Exception <a 'sun/nio/fs/WindowsException'{0x00000000c4803cf8}> (0x00000000c4803cf8) 
thrown [s\open\src\hotspot\share\prims\jni.cpp, line 520]
Event: 4.973 Thread 0x00000249849f9e50 Exception <a 'sun/nio/fs/WindowsException'{0x00000000c56648d8}> (0x00000000c56648d8) 
thrown [s\open\src\hotspot\share\prims\jni.cpp, line 520]
Event: 4.973 Thread 0x0000024984861dc0 Exception <a 'sun/nio/fs/WindowsException'{0x00000000c4804358}> (0x00000000c4804358) 
thrown [s\open\src\hotspot\share\prims\jni.cpp, line 520]
Event: 4.974 Thread 0x00000249849f9e50 Exception <a 'sun/nio/fs/WindowsException'{0x00000000c5664f38}> (0x00000000c5664f38) 
thrown [s\open\src\hotspot\share\prims\jni.cpp, line 520]
Event: 4.975 Thread 0x00000249849f9e50 Exception <a 'sun/nio/fs/WindowsException'{0x00000000c5665920}> (0x00000000c5665920) 
thrown [s\open\src\hotspot\share\prims\jni.cpp, line 520]
Event: 4.976 Thread 0x00000249849f9e50 Exception <a 'sun/nio/fs/WindowsException'{0x00000000c5665f80}> (0x00000000c5665f80) 
thrown [s\open\src\hotspot\share\prims\jni.cpp, line 520]
Event: 4.992 Thread 0x0000024984ca7fb0 Exception <a 'sun/nio/fs/WindowsException'{0x00000000c562e538}> (0x00000000c562e538) 
thrown [s\open\src\hotspot\share\prims\jni.cpp, line 520]
Event: 4.993 Thread 0x0000024984ca7fb0 Exception <a 'sun/nio/fs/WindowsException'{0x00000000c562eb98}> (0x00000000c562eb98) 
thrown [s\open\src\hotspot\share\prims\jni.cpp, line 520]
Event: 5.078 Thread 0x0000024921cbaf90 Exception <a 'java/lang/NoSuchMethodError'{0x00000000c4613018}: 'java.lang.Object java.lang.invoke.DirectMethodHandle$Holder.invokeStatic(java.lang.Object, long, java.lang.Object, java.lang.Object)'> (0x00000000c4613018) 
thrown [s\open\src\hotspot\share\interpreter\linkResolver.cpp, line 773]
Event: 5.079 Thread 0x0000024921cbaf90 Exception <a 'java/lang/NoSuchMethodError'{0x00000000c46191a0}: 'java.lang.Object java.lang.invoke.DirectMethodHandle$Holder.newInvokeSpecial(java.lang.Object, long)'> (0x00000000c46191a0) 
thrown [s\open\src\hotspot\share\interpreter\linkResolver.cpp, line 773]
Event: 5.096 Thread 0x0000024921cbaf90 Exception <a 'sun/nio/fs/WindowsException'{0x00000000c46558f0}> (0x00000000c46558f0) 
thrown [s\open\src\hotspot\share\prims\jni.cpp, line 520]
Event: 5.103 Thread 0x0000024921cbaf90 Exception <a 'sun/nio/fs/WindowsException'{0x00000000c4674068}> (0x00000000c4674068) 
thrown [s\open\src\hotspot\share\prims\jni.cpp, line 520]
Event: 5.122 Thread 0x0000024921cbaf90 Exception <a 'sun/nio/fs/WindowsException'{0x00000000c4687418}> (0x00000000c4687418) 
thrown [s\open\src\hotspot\share\prims\jni.cpp, line 520]
Event: 5.153 Thread 0x0000024921cbaf90 Exception <a 'sun/nio/fs/WindowsException'{0x00000000c46a0cc0}> (0x00000000c46a0cc0) 
thrown [s\open\src\hotspot\share\prims\jni.cpp, line 520]
Event: 5.162 Thread 0x0000024921cbaf90 Exception <a 'sun/nio/fs/WindowsException'{0x00000000c46ae5e8}> (0x00000000c46ae5e8) 
thrown [s\open\src\hotspot\share\prims\jni.cpp, line 520]
Event: 5.175 Thread 0x0000024921cbaf90 Exception <a 'sun/nio/fs/WindowsException'{0x00000000c46c43a8}> (0x00000000c46c43a8) 
thrown [s\open\src\hotspot\share\prims\jni.cpp, line 520]

ZGC Phase Switch (0 events):
No events

VM Operations (20 events):
Event: 1.917 Executing VM operation: G1CollectForAllocation (G1 Evacuation Pause)
Event: 1.924 Executing VM operation: G1CollectForAllocation (G1 Evacuation Pause) done
Event: 2.462 Executing VM operation: HandshakeAllThreads (Deoptimize)
Event: 2.462 Executing VM operation: HandshakeAllThreads (Deoptimize) done
Event: 2.838 Executing VM operation: ICBufferFull
Event: 2.838 Executing VM operation: ICBufferFull done
Event: 3.002 Executing VM operation: HandshakeAllThreads (Deoptimize)
Event: 3.002 Executing VM operation: HandshakeAllThreads (Deoptimize) done
Event: 3.226 Executing VM operation: ICBufferFull
Event: 3.226 Executing VM operation: ICBufferFull done
Event: 3.795 Executing VM operation: G1CollectForAllocation (G1 Evacuation Pause)
Event: 3.812 Executing VM operation: G1CollectForAllocation (G1 Evacuation Pause) done
Event: 3.903 Executing VM operation: HandshakeAllThreads (Deoptimize)
Event: 3.903 Executing VM operation: HandshakeAllThreads (Deoptimize) done
Event: 3.906 Executing VM operation: HandshakeAllThreads (Deoptimize)
Event: 3.906 Executing VM operation: HandshakeAllThreads (Deoptimize) done
Event: 4.404 Executing VM operation: HandshakeAllThreads (Deoptimize)
Event: 4.404 Executing VM operation: HandshakeAllThreads (Deoptimize) done
Event: 4.637 Executing VM operation: ICBufferFull
Event: 4.637 Executing VM operation: ICBufferFull done

Events (20 events):
Event: 4.412 Thread 0x0000024984f728b0 Thread added: 0x0000024984f728b0
Event: 4.412 Thread 0x0000024984f72f20 Thread added: 0x0000024984f72f20
Event: 4.412 Thread 0x00000249852ee440 Thread added: 0x00000249852ee440
Event: 4.412 Thread 0x00000249852eeab0 Thread added: 0x00000249852eeab0
Event: 4.415 Thread 0x00000249850ef9a0 Thread added: 0x00000249850ef9a0
Event: 4.418 Thread 0x0000024984f72f20 Thread exited: 0x0000024984f72f20
Event: 4.419 Thread 0x00000249852eeab0 Thread exited: 0x00000249852eeab0
Event: 4.419 Thread 0x00000249852ee440 Thread exited: 0x00000249852ee440
Event: 4.439 Thread 0x0000024984f728b0 Thread exited: 0x0000024984f728b0
Event: 4.455 Thread 0x00000249850ef9a0 Thread exited: 0x00000249850ef9a0
Event: 4.657 Thread 0x000002498583ca30 Thread added: 0x000002498583ca30
Event: 4.658 Thread 0x000002498583b680 Thread added: 0x000002498583b680
Event: 4.658 Thread 0x000002498583d0c0 Thread added: 0x000002498583d0c0
Event: 4.659 Thread 0x000002498583d750 Thread added: 0x000002498583d750
Event: 4.659 Thread 0x000002498583e470 Thread added: 0x000002498583e470
Event: 4.665 Thread 0x000002498583d750 Thread exited: 0x000002498583d750
Event: 4.665 Thread 0x000002498583d0c0 Thread exited: 0x000002498583d0c0
Event: 4.665 Thread 0x000002498583b680 Thread exited: 0x000002498583b680
Event: 4.667 Thread 0x000002498583ca30 Thread exited: 0x000002498583ca30
Event: 4.669 Thread 0x000002498583e470 Thread exited: 0x000002498583e470


Dynamic libraries:
0x00007ff692470000 - 0x00007ff692480000 	C:\Program Files\Java\jdk-21.0.11\bin\java.exe
0x00007ffbdd590000 - 0x00007ffbdd788000 	C:\Windows\SYSTEM32\ntdll.dll
0x00007ffbdc720000 - 0x00007ffbdc7e2000 	C:\Windows\System32\KERNEL32.DLL
0x00007ffbdb130000 - 0x00007ffbdb426000 	C:\Windows\System32\KERNELBASE.dll
0x00007ffbdb430000 - 0x00007ffbdb530000 	C:\Windows\System32\ucrtbase.dll
0x00007ffbcaf50000 - 0x00007ffbcaf69000 	C:\Program Files\Java\jdk-21.0.11\bin\jli.dll
0x00007ffbc7f80000 - 0x00007ffbc7f9e000 	C:\Program Files\Java\jdk-21.0.11\bin\VCRUNTIME140.dll
0x00007ffbdb9b0000 - 0x00007ffbdba61000 	C:\Windows\System32\ADVAPI32.dll
0x00007ffbdb740000 - 0x00007ffbdb7de000 	C:\Windows\System32\msvcrt.dll
0x00007ffbdba70000 - 0x00007ffbdbb0f000 	C:\Windows\System32\sechost.dll
0x00007ffbdc910000 - 0x00007ffbdca30000 	C:\Windows\System32\RPCRT4.dll
0x00007ffbdae20000 - 0x00007ffbdae47000 	C:\Windows\System32\bcrypt.dll
0x00007ffbdc540000 - 0x00007ffbdc6e1000 	C:\Windows\System32\USER32.dll
0x00007ffbdadf0000 - 0x00007ffbdae12000 	C:\Windows\System32\win32u.dll
0x00007ffbdb840000 - 0x00007ffbdb86b000 	C:\Windows\System32\GDI32.dll
0x00007ffbdac20000 - 0x00007ffbdad39000 	C:\Windows\System32\gdi32full.dll
0x00007ffbd9fc0000 - 0x00007ffbda25b000 	C:\Windows\WinSxS\amd64_microsoft.windows.common-controls_6595b64144ccf1df_6.0.19041.6456_none_60b8a6cb71f64256\COMCTL32.dll
0x00007ffbdb090000 - 0x00007ffbdb12d000 	C:\Windows\System32\msvcp_win.dll
0x00007ffbcf040000 - 0x00007ffbcf04a000 	C:\Windows\SYSTEM32\VERSION.dll
0x00007ffbdc6f0000 - 0x00007ffbdc71f000 	C:\Windows\System32\IMM32.DLL
0x00007ffbd4e10000 - 0x00007ffbd4e1c000 	C:\Program Files\Java\jdk-21.0.11\bin\vcruntime140_1.dll
0x00007ffbc56c0000 - 0x00007ffbc574d000 	C:\Program Files\Java\jdk-21.0.11\bin\msvcp140.dll
0x00007ffb53cf0000 - 0x00007ffb54a18000 	C:\Program Files\Java\jdk-21.0.11\bin\server\jvm.dll
0x00007ffbdc150000 - 0x00007ffbdc1bb000 	C:\Windows\System32\WS2_32.dll
0x00007ffbda810000 - 0x00007ffbda85b000 	C:\Windows\SYSTEM32\POWRPROF.dll
0x00007ffbcb870000 - 0x00007ffbcb897000 	C:\Windows\SYSTEM32\WINMM.dll
0x00007ffbda260000 - 0x00007ffbda272000 	C:\Windows\SYSTEM32\UMPDC.dll
0x00007ffbd8d90000 - 0x00007ffbd8da2000 	C:\Windows\SYSTEM32\kernel.appcore.dll
0x00007ffbce6b0000 - 0x00007ffbce6ba000 	C:\Program Files\Java\jdk-21.0.11\bin\jimage.dll
0x00007ffbda600000 - 0x00007ffbda801000 	C:\Windows\SYSTEM32\DBGHELP.DLL
0x00007ffbda390000 - 0x00007ffbda3c4000 	C:\Windows\SYSTEM32\dbgcore.DLL
0x00007ffbdb000000 - 0x00007ffbdb082000 	C:\Windows\System32\bcryptPrimitives.dll
0x00007ffbc58e0000 - 0x00007ffbc5901000 	C:\Program Files\Java\jdk-21.0.11\bin\java.dll
0x00007ffbdcb00000 - 0x00007ffbdd270000 	C:\Windows\System32\SHELL32.dll
0x00007ffbd7f40000 - 0x00007ffbd86e5000 	C:\Windows\SYSTEM32\windows.storage.dll
0x00007ffbdc1e0000 - 0x00007ffbdc534000 	C:\Windows\System32\combase.dll
0x00007ffbd9f20000 - 0x00007ffbd9f4b000 	C:\Windows\SYSTEM32\Wldp.dll
0x00007ffbdb5b0000 - 0x00007ffbdb67d000 	C:\Windows\System32\OLEAUT32.dll
0x00007ffbdb690000 - 0x00007ffbdb73d000 	C:\Windows\System32\SHCORE.dll
0x00007ffbdb870000 - 0x00007ffbdb8cb000 	C:\Windows\System32\shlwapi.dll
0x00007ffbdab50000 - 0x00007ffbdab74000 	C:\Windows\SYSTEM32\profapi.dll
0x00007ffbc2610000 - 0x00007ffbc26e7000 	C:\Program Files\Java\jdk-21.0.11\bin\jsvml.dll
0x00007ffbc6910000 - 0x00007ffbc6921000 	C:\Program Files\Java\jdk-21.0.11\bin\net.dll
0x00007ffbd2ad0000 - 0x00007ffbd2bda000 	C:\Windows\SYSTEM32\WINHTTP.dll
0x00007ffbd9df0000 - 0x00007ffbd9e5a000 	C:\Windows\system32\mswsock.dll
0x00007ffbc58c0000 - 0x00007ffbc58d6000 	C:\Program Files\Java\jdk-21.0.11\bin\nio.dll
0x00007ffbc56a0000 - 0x00007ffbc56b8000 	C:\Program Files\Java\jdk-21.0.11\bin\zip.dll
0x00007ffbda990000 - 0x00007ffbda9a8000 	C:\Windows\SYSTEM32\CRYPTSP.dll
0x00007ffbd9600000 - 0x00007ffbd9638000 	C:\Windows\system32\rsaenh.dll
0x00007ffbdaad0000 - 0x00007ffbdaafe000 	C:\Windows\SYSTEM32\USERENV.dll
0x00007ffbd9ee0000 - 0x00007ffbd9eec000 	C:\Windows\SYSTEM32\CRYPTBASE.dll
0x00007ffbd9960000 - 0x00007ffbd999b000 	C:\Windows\SYSTEM32\IPHLPAPI.DLL
0x00007ffbdb680000 - 0x00007ffbdb688000 	C:\Windows\System32\NSI.dll
0x00007ffbcbe00000 - 0x00007ffbcbe10000 	C:\Program Files\Java\jdk-21.0.11\bin\verify.dll
0x00007ffbda950000 - 0x00007ffbda983000 	C:\Windows\SYSTEM32\ntmarta.dll
0x00007ffbce990000 - 0x00007ffbce9a7000 	C:\Windows\system32\napinsp.dll
0x00007ffbcf070000 - 0x00007ffbcf08b000 	C:\Windows\system32\pnrpnsp.dll
0x00007ffbd6300000 - 0x00007ffbd631d000 	C:\Windows\system32\wshbth.dll
0x00007ffbd4cf0000 - 0x00007ffbd4d0d000 	C:\Windows\system32\NLAapi.dll
0x00007ffbd99a0000 - 0x00007ffbd9a6a000 	C:\Windows\SYSTEM32\DNSAPI.dll
0x00007ffbd1e20000 - 0x00007ffbd1e32000 	C:\Windows\System32\winrnr.dll
0x00007ffbc95c0000 - 0x00007ffbc95ca000 	C:\Windows\System32\rasadhlp.dll
0x00007ffbc96c0000 - 0x00007ffbc9740000 	C:\Windows\System32\fwpuclnt.dll

dbghelp: loaded successfully - version: 4.0.5 - missing functions: none
symbol engine: initialized successfully - sym options: 0x614 - pdb path: .;C:\Program Files\Java\jdk-21.0.11\bin;C:\Windows\SYSTEM32;C:\Windows\WinSxS\amd64_microsoft.windows.common-controls_6595b64144ccf1df_6.0.19041.6456_none_60b8a6cb71f64256;C:\Program Files\Java\jdk-21.0.11\bin\server

VM Arguments:
java_command: io.qameta.allure.CommandLine generate D:\anglar-20250129T152415Z-001\fremwork\test-output\allure-results -o D:\anglar-20250129T152415Z-001\fremwork\test-output\full-reports --clean
java_class_path (initial): C:\Users\pc\.m2\repository\allure\allure-2.24.0\lib\allure-commandline-2.24.0.jar;C:\Users\pc\.m2\repository\allure\allure-2.24.0\lib\allure-generator-2.24.0.jar;C:\Users\pc\.m2\repository\allure\allure-2.24.0\lib\allure-model-2.23.0.jar;C:\Users\pc\.m2\repository\allure\allure-2.24.0\lib\allure-plugin-api-2.24.0.jar;C:\Users\pc\.m2\repository\allure\allure-2.24.0\lib\allure1-model-1.0.jar;C:\Users\pc\.m2\repository\allure\allure-2.24.0\lib\annotations-15.0.jar;C:\Users\pc\.m2\repository\allure\allure-2.24.0\lib\commons-beanutils-1.9.4.jar;C:\Users\pc\.m2\repository\allure\allure-2.24.0\lib\commons-codec-1.11.jar;C:\Users\pc\.m2\repository\allure\allure-2.24.0\lib\commons-collections-3.2.2.jar;C:\Users\pc\.m2\repository\allure\allure-2.24.0\lib\commons-collections4-4.2.jar;C:\Users\pc\.m2\repository\allure\allure-2.24.0\lib\commons-io-2.13.0.jar;C:\Users\pc\.m2\repository\allure\allure-2.24.0\lib\commons-lang3-3.13.0.jar;C:\Users\pc\.m2\repository\allure\allure-2.24.0\lib\commons-logging-1.2.jar;C:\Users\pc\.m2\repository\allure\allure-2.24.0\lib\commons-text-1.3.jar;C:\Users\pc\.m2\repository\allure\allure-2.24.0\lib\flexmark-0.62.2.jar;C:\Users\pc\.m2\repository\allure\allure-2.24.0\lib\flexmark-ext-tables-0.62.2.jar;C:\Users\pc\.m2\repository\allure\allure-2.24.0\lib\flexmark-util-0.62.2.jar;C:\Users\pc\.m2\repository\allure\allure-2.24.0\lib\flexmark-util-ast-0.62.2.jar;C:\Users\pc\.m2\repository\allure\allure-2.24.0\lib\flexmark-util-builder-0.62.2.jar;C:\Users\pc\.m2\repository\allure\allure-2.24.0\lib\flexmark-util-collection-0.62.2.jar;C:\Users\pc\.m2\repository\allure\allure-2.24.0\lib\flexmark-util-data-0.62.2.jar;C:\Users\pc\.m2\repository\allure\allure-2.24.0\lib\flexmark-util-dependency-0.62.2.jar;C:\Users\pc\.m2\repository\allure\allure-2.24.0\lib\flexmark-util-format-0.62.2.jar;C:\Users\pc\.m2\repository\allure\allure-2.24.0\lib\flexmark-util-html-0.62.2.jar;C:\Users\pc\.m2\repository\allure\allure-2.24.0\lib\flexmark-util-misc-0.62.2.jar;C:\Users\pc\.m2\repository\allure\allure-2.24.0\lib\flexmark-util-options-0.62.2.jar;C:\Users\pc\.m2\repository\allure\allure-2.24.0\lib\flexmark-util-sequence-0.62.2.jar;C:\Users\pc\.m2\repository\allure\allure-2.24.0\lib\flexmark-util-visitor-0.62.2.jar;C:\Users\pc\.m2\repository\allure\allure-2.24.0\lib\freemarker-2.3.32.jar;C:\Users\pc\.m2\repository\allure\allure-2.24.0\lib\httpclient-4.5.14.jar;C:\Users\pc\.m2\repository\allure\allure-2.24.0\lib\httpcore-4.4.16.jar;C:\Users\pc\.m2\repository\allure\allure-2.24.0\lib\jackson-annotations-2.15.2.jar;C:\Users\pc\.m2\repository\allure\allure-2.24.0\lib\jackson-core-2.15.2.jar;C:\Users\pc\.m2\repository\allure\allure-2.24.0\lib\jackson-databind-2.15.2.jar;C:\Users\pc\.m2\repository\allure\allure-2.24.0\lib\jackson-dataformat-xml-2.15.2.jar;C:\Users\pc\.m2\repository\allure\allure-2.24.0\lib\jackson-dataformat-yaml-2.15.2.jar;C:\Users\pc\.m2\repository\allure\allure-2.24.0\lib\jackson-module-jaxb-annotations-2.15.2.jar;C:\Users\pc\.m2\repository\allure\allure-2.24.0\lib\jakarta.activation-api-1.2.2.jar;C:\Users\pc\.m2\repository\allure\allure-2.24.0\lib\jakarta.xml.bind-api-2.3.3.jar;C:\Users\pc\.m2\repository\allure\allure-2.24.0\lib\javax.activation-api-1.2.0.jar;C:\Users\pc\.m2\repository\allure\allure-2.24.0\lib\javax.servlet-api-3.1.0.jar;C:\Users\pc\.m2\repository\allure\allure-2.24.0\lib\jaxb-api-2.3.1.jar;C:\Users\pc\.m2\repository\allure\allure-2.24.0\lib\jaxb-utils-1.0.jar;C:\Users\pc\.m2\repository\allure\allure-2.24.0\lib\jcommander-1.82.jar;C:\Users\pc\.m2\repository\allure\allure-2.24.0\lib\jetty-http-9.4.51.v20230217.jar;C:\Users\pc\.m2\repository\allure\allure-2.24.0\lib\jetty-io-9.4.51.v20230217.jar;C:\Users\pc\.m2\repository\allure\allure-2.24.0\lib\jetty-server-9.4.51.v20230217.jar;C:\Users\pc\.m2\repository\allure\allure-2.24.0\lib\jetty-util-9.4.51.v20230217.jar;C:\Users\pc\.m2\repository\allure\allure-2.24.0\lib\logback-classic-1.3.8.jar;C:\Users\pc\.m2\repository\allure\allure-2.24.0\lib\logback-core-1.3.8.jar;C:\Users\pc\.m2\repository\allure\allure-2.24.0\lib\opencsv-4.6.jar;C:\Users\pc\.m2\repository\allure\allure-2.24.0\lib\properties-2.0.RC5.jar;C:\Users\pc\.m2\repository\allure\allure-2.24.0\lib\slf4j-api-2.0.7.jar;C:\Users\pc\.m2\repository\allure\allure-2.24.0\lib\snakeyaml-2.0.jar;C:\Users\pc\.m2\repository\allure\allure-2.24.0\lib\stax2-api-4.2.1.jar;C:\Users\pc\.m2\repository\allure\allure-2.24.0\lib\tika-core-2.8.0.jar;C:\Users\pc\.m2\repository\allure\allure-2.24.0\lib\woodstox-core-6.5.1.jar;C:\Users\pc\.m2\repository\allure\allure-2.24.0\lib\config
Launcher Type: SUN_STANDARD

[Global flags]
     intx CICompilerCount                          = 3                                         {product} {ergonomic}
     uint ConcGCThreads                            = 1                                         {product} {ergonomic}
     uint G1ConcRefinementThreads                  = 4                                         {product} {ergonomic}
   size_t G1HeapRegionSize                         = 1048576                                   {product} {ergonomic}
    uintx GCDrainStackTargetSize                   = 64                                        {product} {ergonomic}
   size_t InitialHeapSize                          = 67108864                                  {product} {ergonomic}
   size_t MarkStackSize                            = 4194304                                   {product} {ergonomic}
   size_t MaxHeapSize                              = 1048576000                                {product} {ergonomic}
   size_t MaxNewSize                               = 629145600                                 {product} {ergonomic}
   size_t MinHeapDeltaBytes                        = 1048576                                   {product} {ergonomic}
   size_t MinHeapSize                              = 8388608                                   {product} {ergonomic}
    uintx NonNMethodCodeHeapSize                   = 5832780                                {pd product} {ergonomic}
    uintx NonProfiledCodeHeapSize                  = 122912730                              {pd product} {ergonomic}
    uintx ProfiledCodeHeapSize                     = 122912730                              {pd product} {ergonomic}
    uintx ReservedCodeCacheSize                    = 251658240                              {pd product} {ergonomic}
     bool SegmentedCodeCache                       = true                                      {product} {ergonomic}
   size_t SoftMaxHeapSize                          = 1048576000                             {manageable} {ergonomic}
     bool UseCompressedOops                        = true                           {product lp64_product} {ergonomic}
     bool UseG1GC                                  = true                                      {product} {ergonomic}
     bool UseLargePagesIndividualAllocation        = false                                  {pd product} {ergonomic}

Logging:
Log output configuration:
 #0: stdout all=warning uptime,level,tags foldmultilines=false
 #1: stderr all=off uptime,level,tags foldmultilines=false

Environment Variables:
CLASSPATH=C:\Users\pc\.m2\repository\allure\allure-2.24.0\lib\*;C:\Users\pc\.m2\repository\allure\allure-2.24.0\lib\config
PATH=C:\Program Files\apache-maven-3.9.6\bin;C:\apache-maven-3.9.14\bin;C:\Program Files\Java\jdk-21.0.11\bin
USERNAME=pc
OS=Windows_NT
PROCESSOR_IDENTIFIER=Intel64 Family 6 Model 60 Stepping 3, GenuineIntel
TMP=C:\Users\pc\AppData\Local\Temp
TEMP=C:\Users\pc\AppData\Local\Temp




Periodic native trim disabled

---------------  S Y S T E M  ---------------

OS:
 Windows 10 , 64 bit Build 19041 (10.0.19041.5915)
OS uptime: 0 days 2:09 hours

CPU: total 4 (initial active 4) (2 cores per cpu, 2 threads per core) family 6 model 60 stepping 3 microcode 0x27, cx8, cmov, fxsr, ht, mmx, sse, sse2, sse3, ssse3, sse4.1, sse4.2, popcnt, lzcnt, tsc, tscinvbit, avx, avx2, aes, erms, clmul, bmi1, bmi2, fma, vzeroupper, clflush, rdtscp, f16c
Processor Information for all 4 processors :
  Max Mhz: 3001, Current Mhz: 3001, Mhz Limit: 3001

Memory: 4k page, system-wide physical 3993M (119M free)
TotalPageFile size 16281M (AvailPageFile size 65M)
current process WorkingSet (physical memory assigned to process): 121M, peak: 131M
current process commit charge ("private bytes"): 174M, peak: 183M

vm_info: Java HotSpot(TM) 64-Bit Server VM (21.0.11+9-LTS-211) for windows-amd64 JRE (21.0.11+9-LTS-211), built on 2026-03-11T00:23:15Z by "mach5run" with MS VC++ 17.13 (VS2022)

END.
